warning: associated functions `witness_bytes` and `proof_seed` are never used
   --> crates/pvthfhe-fhe/src/real_nizk.rs:269:8
    |
225 | impl RealNizkAdapter {
    | -------------------- associated functions in this implementation
...
269 |     fn witness_bytes(witness: &NizkWitness) -> Vec<u8> {
    |        ^^^^^^^^^^^^^
...
277 |     fn proof_seed(stmt: &NizkStatement, witness: &NizkWitness) -> [u8; 32] {
    |        ^^^^^^^^^^
    |
    = note: `#[warn(dead_code)]` (part of `#[warn(unused)]`) on by default

warning: `pvthfhe-fhe` (lib) generated 1 warning
    Finished `test` profile [unoptimized + debuginfo] target(s) in 0.04s
     Running unittests src/lib.rs (target/debug/deps/pvthfhe_aggregator-a53e0bae155d35ec)

running 0 tests

test result: ok. 0 passed; 0 failed; 0 ignored; 0 measured; 0 filtered out; finished in 0.00s

     Running tests/adversarial/mod.rs (target/debug/deps/adversarial-58271c56fe8dbb18)

running 9 tests
test replay::adversarial_replayed_share_is_rejected_as_duplicate_party ... ok
test equivocation::adversarial_equivocation_blames_party_one ... ok
test malformed_nizk::adversarial_malformed_nizk_blames_party_zero ... ok
test rogue_key::adversarial_rogue_key_fault_blames_party_zero ... ok
test tampered_ciphertext::adversarial_tampered_ciphertext_hash_is_rejected ... ok
test tampered_share::adversarial_tampered_share_nizk_is_rejected ... ok
test threshold_above::adversarial_threshold_above_accepts_more_than_t_shares ... ok
test threshold_below::adversarial_threshold_below_rejects_t_minus_one_shares ... ok
test withhold_reveal::adversarial_withhold_reveal_blames_party_two ... ok

test result: ok. 9 passed; 0 failed; 0 ignored; 0 measured; 0 filtered out; finished in 0.00s

     Running tests/decrypt_rejections.rs (target/debug/deps/decrypt_rejections-5473667ea6d3e3cb)

running 4 tests
test rejects_duplicate_party ... ok
test rejects_malformed_share ... ok
test rejects_insufficient_shares ... ok
test rejects_unknown_party ... ok

test result: ok. 4 passed; 0 failed; 0 ignored; 0 measured; 0 filtered out; finished in 0.00s

     Running tests/decrypt_roundtrip.rs (target/debug/deps/decrypt_roundtrip-b226d63bd8b4ac4e)

running 1 test
test decrypt_roundtrip_golden ... ok

test result: ok. 1 passed; 0 failed; 0 ignored; 0 measured; 0 filtered out; finished in 0.00s

     Running tests/folding.rs (target/debug/deps/folding-c6a440065bd5e78a)

running 6 tests
test folding::test_accumulator_binding ... ok
test folding::test_fold_two_valid_p1_nizks_verifies ... ok
test folding::test_fold_of_fold_verifies_depth_three ... ok
test folding::test_fold_determinism ... ok
test folding::test_tampered_inner_proof_rejected ... ok
test folding::test_wrong_fhe_param_across_folds_rejected ... ok

test result: ok. 6 passed; 0 failed; 0 ignored; 0 measured; 0 filtered out; finished in 0.00s

     Running tests/folding_adversarial.rs (target/debug/deps/folding_adversarial-052093a1a01b0622)

running 17 tests
test test_acc_wrong_params_rejected ... ok
test test_acc_wrong_session_id_rejected ... ok
test test_be_mismatch_across_fold_boundary_rejected ... ok
test test_depth_bomb_fold_to_depth_10_exact ... ok
test test_depth_bomb_fold_to_depth_12_exact ... ok
test test_empty_proof_bytes_rejected ... ok
test test_forged_acc_with_mismatched_session_and_params_rejected ... ok
test test_n_mismatch_across_fold_boundary_rejected ... ok
test test_non_uniform_proof_bytes_rejected ... ok
test test_non_sequential_fold_index_rejected ... ok
test test_last_byte_flipped_in_proof_rejected ... ok
test test_q_mismatch_across_fold_boundary_rejected ... ok
test test_single_bit_flip_in_proof_rejected ... ok
test test_soundness_amplification_harness ... ok
test test_statement_proof_mismatch_rejected ... ok
test test_stmt_from_session_a_folded_into_acc_from_session_b_rejected ... ok
test test_two_byte_non_uniform_proof_rejected ... ok

test result: ok. 17 passed; 0 failed; 0 ignored; 0 measured; 0 filtered out; finished in 0.00s

     Running tests/folding_n64.rs (target/debug/deps/folding_n64-696f6457ad5c072b)

running 1 test
test test_folding_n64 ... ok

test result: ok. 1 passed; 0 failed; 0 ignored; 0 measured; 0 filtered out; finished in 0.00s

     Running tests/folding_tamper.rs (target/debug/deps/folding_tamper-0342b7950ee4e630)

running 5 tests
test real_folding_gaps::test_fold_mismatched_params_rejected ... ok
test real_folding_gaps::test_fold_large_norm_witness_rejected ... ok
test real_folding_gaps::test_fold_tampered_witness_rejected ... ok
test real_folding_gaps::test_fold_proof_not_deterministic ... ok
test test_folding_tamper ... ok

test result: ok. 5 passed; 0 failed; 0 ignored; 0 measured; 0 filtered out; finished in 0.00s

     Running tests/keygen_honest.rs (target/debug/deps/keygen_honest-eba9f7d80ef1365d)

running 2 tests
test honest_n4_keygen ... ok
test test_keygen_deterministic_same_seed ... ok

test result: ok. 2 passed; 0 failed; 0 ignored; 0 measured; 0 filtered out; finished in 0.00s

     Running tests/keygen_malicious.rs (target/debug/deps/keygen_malicious-9acc11bcf8e3e1bf)

running 5 tests
test equivocate_blamed ... ok
test malformed_proof_blamed ... ok
test test_keygen_subset_below_threshold_gives_no_info ... ok
test test_honest_party_not_blamed ... ok
test withhold_share_blamed ... ok

test result: ok. 5 passed; 0 failed; 0 ignored; 0 measured; 0 filtered out; finished in 0.00s

     Running tests/p2_bench.rs (target/debug/deps/p2_bench-eef52da8555e5677)

running 3 tests
n=1024 depth=1: fold=66.4µs verify=0.2µs finalize=5.5µs proof=32B acc=99B
n=512 depth=1: fold=35.3µs verify=0.2µs finalize=5.1µs proof=32B acc=98B
n=128 depth=1: fold=47.2µs verify=0.3µs finalize=10.5µs proof=32B acc=98B
n=128 depth=5: fold=68.1µs verify=0.0µs finalize=4.9µs proof=32B acc=98B
n=512 depth=5: fold=126.4µs verify=0.2µs finalize=4.8µs proof=32B acc=98B
n=128 depth=10: fold=131.0µs verify=0.0µs finalize=4.8µs proof=32B acc=98B
n=1024 depth=5: fold=252.7µs verify=0.2µs finalize=7.4µs proof=32B acc=99B
n=512 depth=10: fold=220.9µs verify=0.0µs finalize=4.4µs proof=32B acc=98B
Wrote /home/dev/pvthfhe/crates/pvthfhe-aggregator/../../bench/p2/results-512.json
Wrote /home/dev/pvthfhe/crates/pvthfhe-aggregator/../../bench/p2/results-128.json
test bench_p2_n512 ... ok
test bench_p2_n128 ... ok
n=1024 depth=10: fold=531.6µs verify=0.2µs finalize=4.9µs proof=32B acc=99B
Wrote /home/dev/pvthfhe/crates/pvthfhe-aggregator/../../bench/p2/results-1024.json
test bench_p2_n1024 ... ok

test result: ok. 3 passed; 0 failed; 0 ignored; 0 measured; 0 filtered out; finished in 0.00s

   Doc-tests pvthfhe_aggregator

running 0 tests

test result: ok. 0 passed; 0 failed; 0 ignored; 0 measured; 0 filtered out; finished in 0.00s

