   Compiling proc-macro2 v1.0.106
   Compiling quote v1.0.45
   Compiling unicode-ident v1.0.24
   Compiling cfg-if v1.0.4
   Compiling version_check v0.9.5
   Compiling libc v0.2.186
   Compiling typenum v1.20.0
   Compiling generic-array v0.14.7
   Compiling zerocopy v0.8.48
   Compiling serde_core v1.0.228
   Compiling syn v2.0.117
   Compiling block-buffer v0.10.4
   Compiling crypto-common v0.1.7
   Compiling getrandom v0.2.17
   Compiling rand_core v0.6.4
   Compiling serde v1.0.228
   Compiling digest v0.10.7
   Compiling thiserror v1.0.69
   Compiling zmij v1.0.21
   Compiling cpufeatures v0.2.17
   Compiling sha2 v0.10.9
   Compiling pin-project-lite v0.2.17
   Compiling serde_json v1.0.149
   Compiling utf8parse v0.2.2
   Compiling anstyle-parse v1.0.0
   Compiling anstyle v1.0.14
   Compiling anstyle-query v1.1.5
   Compiling colorchoice v1.0.5
   Compiling itoa v1.0.18
   Compiling memchr v2.8.0
   Compiling is_terminal_polyfill v1.70.2
   Compiling anstream v1.0.0
   Compiling clap_lex v1.1.0
   Compiling autocfg v1.5.0
   Compiling ppv-lite86 v0.2.21
   Compiling heck v0.5.0
   Compiling strsim v0.11.1
   Compiling rand_chacha v0.3.1
   Compiling clap_builder v4.6.0
   Compiling serde_derive v1.0.228
   Compiling thiserror-impl v1.0.69
   Compiling tokio-macros v2.7.0
   Compiling tokio v1.52.1
   Compiling clap_derive v4.6.1
   Compiling num-traits v0.2.19
   Compiling hex v0.4.3
   Compiling clap v4.6.1
   Compiling rand v0.8.6
   Compiling iana-time-zone v0.1.65
   Compiling pvthfhe-fhe v0.1.0 (/home/dev/pvthfhe/crates/pvthfhe-fhe)
   Compiling pvthfhe-keygen v0.1.0 (/home/dev/pvthfhe/crates/pvthfhe-keygen)
   Compiling chrono v0.4.44
   Compiling pvthfhe-aggregator v0.1.0 (/home/dev/pvthfhe/crates/pvthfhe-aggregator)
   Compiling once_cell v1.21.4
   Compiling tracing-core v0.1.36
   Compiling regex-syntax v0.8.10
   Compiling pvthfhe-bench v0.1.0 (/home/dev/pvthfhe/crates/pvthfhe-bench)
   Compiling tracing-attributes v0.1.31
   Compiling anyhow v1.0.102
   Compiling regex-automata v0.4.14
   Compiling log v0.4.29
   Compiling lazy_static v1.5.0
   Compiling sharded-slab v0.1.7
   Compiling tracing-log v0.2.0
   Compiling tracing v0.1.44
   Compiling thread_local v1.1.9
   Compiling smallvec v1.15.1
   Compiling nu-ansi-term v0.50.3
   Compiling matchers v0.2.0
   Compiling tracing-subscriber v0.3.23
   Compiling pvthfhe-enclave-adapter v0.1.0 (/home/dev/pvthfhe/crates/pvthfhe-enclave-adapter)
   Compiling pvthfhe-keygen-spec v0.1.0 (/home/dev/pvthfhe/crates/pvthfhe-keygen-spec)
   Compiling pvthfhe-cli v0.1.0 (/home/dev/pvthfhe/crates/pvthfhe-cli)
   Compiling pvthfhe-api v0.1.0 (/home/dev/pvthfhe/crates/pvthfhe-api)
   Compiling pvthfhe-circuits v0.1.0 (/home/dev/pvthfhe/crates/pvthfhe-circuits)
   Compiling pvthfhe-core v0.1.0 (/home/dev/pvthfhe/crates/pvthfhe-core)
    Finished `dev` profile [unoptimized + debuginfo] target(s) in 9.38s
TEST EXIT: 0
RELEASE EXIT: 0
