    Finished `dev` profile [unoptimized + debuginfo] target(s) in 0.03s
     Running `target/debug/worked_example`
=== Architecture B Worked Example ===
n_parties=4, t=3, N_ring=8, q=97, t_plain=4, seed=42

Step 1 — Setup
N_ring=8, q=97, t_plain=4, Delta=24, n_parties=4, threshold=3, seed=42
derivation=single direct ChaCha20Rng transcript from seed=42 (no search)
a=[9, 16, 33, -17, 43, 6, 36, 10]

Step 2 — KeyGen (each party)
party 0 sk=[1, 0, 1, 1, 0, -1, -1, 0]
party 0 e=[1, -1, 0, 0, 1, -1, -1, 0]
party 0 pk=[18, 3, 16, 47, -40, -24, -38, -10]
party 0 nizk(commitment=0x93a0b32c745758cc, challenge=0xc3fd4d0bebc37d1b, response_norm=376)
party 1 sk=[1, 0, 1, -1, 1, 1, 0, 1]
party 1 e=[-1, -1, 1, 1, 0, -1, 0, 0]
party 1 pk=[-35, 39, -26, 3, 44, -43, -38, 2]
party 1 nizk(commitment=0x89ce3f4febbfee8e, challenge=0xdb3a72da874749c6, response_norm=411)
party 2 sk=[-1, 0, -1, -1, -1, 1, 0, 0]
party 2 e=[1, 1, -1, -1, 0, 0, 0, 0]
party 2 pk=[5, 8, 1, 33, 14, 29, -18, 9]
party 2 nizk(commitment=0x8c52d7049e8861f3, challenge=0x0bac98b599bd42ff, response_norm=296)
party 3 sk=[0, 0, 0, 1, 1, 0, 1, 0]
party 3 e=[0, 1, 0, -1, 0, 1, 0, 1]
party 3 pk=[-15, 26, -8, 6, 11, -38, -25, -41]
party 3 nizk(commitment=0x67c9979616a4dc3a, challenge=0x8a8988ece22e95c9, response_norm=347)
participant_set=[0, 1, 2] (party 3 is omitted from Round-3 aggregation in this toy threshold walk-through)
aggregate_pk=Σ pk_i over participant_set=[-12, -47, -9, -14, 18, -38, 3, 1]
share polynomial sketch coeff[0]: p(x)=96 + 6·x + 96·x^2 (mod 97), active values@x=1..3=[1, 1, -1], p(4)=7
share polynomial sketch coeff[1]: p(x)=0 + 0·x + 0·x^2 (mod 97), active values@x=1..3=[0, 0, 0], p(4)=0
share polynomial sketch coeff[2]: p(x)=96 + 6·x + 96·x^2 (mod 97), active values@x=1..3=[1, 1, -1], p(4)=7
share polynomial sketch coeff[3]: p(x)=5 + 87·x + 1·x^2 (mod 97), active values@x=1..3=[1, -1, -1], p(4)=78
share polynomial sketch coeff[4]: p(x)=93 + 11·x + 47·x^2 (mod 97), active values@x=1..3=[0, 1, -1], p(4)=16
share polynomial sketch coeff[5]: p(x)=92 + 10·x + 96·x^2 (mod 97), active values@x=1..3=[-1, 1, 1], p(4)=19
share polynomial sketch coeff[6]: p(x)=94 + 5·x + 48·x^2 (mod 97), active values@x=1..3=[-1, 0, 0], p(4)=9
share polynomial sketch coeff[7]: p(x)=94 + 8·x + 96·x^2 (mod 97), active values@x=1..3=[0, 1, 0], p(4)=13

Step 3 — Encrypt
m=[1, 0, 1, 0, 1, 0, 1, 0]
u=[1, -1, 0, -1, -1, -1, 1, 1]
e1=[1, 0, -1, 1, 0, 1, -1, 0]
e2=[1, 1, -1, -1, 1, 0, 0, 1]
c0=[36, -29, 23, 32, -43, 9, 24, 41]
c1=[3, -20, 42, 34, 4, -44, -3, 38]

Step 4 — PartialDecrypt (parties 0, 1, 2)
d0 smudge=[1, 1, 0, 0, 0, -1, 1, 1]
d0=[30, -16, -33, -30, -36, -31, -44, -23]
d0 proof(commitment=0x9ab067de99ee78b5, challenge=0x6a189679ab316f3a, response_norm=441)
d1 smudge=[0, -1, 1, -1, -1, 0, -1, 1]
d1=[41, 33, 0, -29, -23, 31, 47, -27]
d1 proof(commitment=0x0052ee4c165670cb, challenge=0x793d8909bbcc5aff, response_norm=431)
d2 smudge=[0, -1, 0, 1, -1, 0, -1, 0]
d2=[17, 6, 34, 25, 29, -9, -1, 10]
d2 proof(commitment=0xc1769fbeb8ab2f99, challenge=0x9ad8d4f30569d8b7, response_norm=328)

Step 5 — Aggregate
D=[-9, 23, 1, -34, -30, -9, 2, -40]
m_recovered=[1, 0, 1, 0, 1, 0, 1, 0]

Step 6 — Verify (sketch)
NIZK verification: PASS (sketched — full proof in T24)
Aggregate proof Π: PASS (MicroNova compression sketched, commitment=0xd806acfd4c716d0d, challenge=0xfc5f3d478041ea57, response_norm=577)
Verifier acceptance: PASS
=== VERIFICATION PASSED ===
