python3 .sisyphus/scripts/phase3-gate.py
/home/dev/pvthfhe/.sisyphus/scripts/phase3-gate.py:194: DeprecationWarning: datetime.datetime.utcnow() is deprecated and scheduled for removal in a future version. Use timezone-aware objects to represent datetimes in UTC: datetime.datetime.now(datetime.UTC).
  timestamp = datetime.datetime.utcnow().strftime("%Y-%m-%dT%H:%M:%SZ")
=== Phase 3 Gate ===

[workspace-tests] running...
[workspace-tests] PASS: cargo test --workspace passed

[clippy] running...
[clippy] PASS: cargo clippy --workspace passed

[fmt] running...
[fmt] PASS: cargo fmt --check passed

[deny] running...
[deny] SKIP: cargo-deny not installed — skipped

[noir-tests] running...
[noir-tests] PASS: nargo test --workspace passed

[forge-tests] running...
[forge-tests] PASS: forge test --root contracts passed

[demo-e2e] running...
[demo-e2e] PASS: just demo-e2e passed

[adversarial-suite] running...
[adversarial-suite] PASS: just adversarial-suite passed

[bench-scaling] running...
[bench-scaling] PASS: just bench-scaling passed; all 4 envelopes present

[docs-check] running...
[docs-check] PASS: All 6 required docs present

[evidence-check] running...
[evidence-check] PASS: All 3 key evidence files present

[gas-check] running...
[gas-check] PASS: gas=1278 ≤ 5000000 (PASS)

Wrote /home/dev/pvthfhe/.sisyphus/evidence/phase3-gate.json
Wrote /home/dev/pvthfhe/.sisyphus/evidence/phase3-gate.md

PHASE 3 GATE: PASS
