Compiling 1 files with Solc 0.8.34
Solc 0.8.34 finished in 21.83ms
Compiler run successful!

Ran 6 tests for test/KzgBatchVerifier.t.sol:KzgBatchVerifierTest
[PASS] testGas_verifyBatch_1() (gas: 201889)
[PASS] testGas_verifyBatch_128() (gas: 7863085)
[PASS] testGas_verifyBatch_32() (gas: 2040104)
[PASS] testGas_verifyBatch_8() (gas: 615276)
[PASS] testHonestVerifies() (gas: 10722908)
[PASS] testTamperedRejects() (gas: 11026761)
Suite result: ok. 6 passed; 0 failed; 0 skipped; finished in 35.05ms (93.39ms CPU time)

╭------------------------------------------------------+-----------------+---------+---------+---------+---------╮
| bench/KzgBatchVerifier.sol:KzgBatchVerifier Contract |                 |         |         |         |         |
+================================================================================================================+
| Deployment Cost                                      | Deployment Size |         |         |         |         |
|------------------------------------------------------+-----------------+---------+---------+---------+---------|
|                                              1630745 |            7342 |         |         |         |         |
|------------------------------------------------------+-----------------+---------+---------+---------+---------|
|                                                      |                 |         |         |         |         |
|------------------------------------------------------+-----------------+---------+---------+---------+---------|
| Function Name                                        | Min             | Avg     | Median  | Max     | # Calls |
|------------------------------------------------------+-----------------+---------+---------+---------+---------|
| sampleProof                                          |           19352 |  722172 |  338945 | 2191448 |      12 |
|------------------------------------------------------+-----------------+---------+---------+---------+---------|
| samplePubInputs                                      |           19397 |  723137 |  339192 | 2194767 |      12 |
|------------------------------------------------------+-----------------+---------+---------+---------+---------|
| verifyBatch_1                                        |          145125 |  145125 |  145125 |  145125 |       3 |
|------------------------------------------------------+-----------------+---------+---------+---------+---------|
| verifyBatch_128                                      |         3439948 | 3439948 | 3439948 | 3439948 |       3 |
|------------------------------------------------------+-----------------+---------+---------+---------+---------|
| verifyBatch_32                                       |          936020 |  936020 |  936020 |  936020 |       3 |
|------------------------------------------------------+-----------------+---------+---------+---------+---------|
| verifyBatch_8                                        |          323013 |  323013 |  323013 |  323013 |       3 |
╰------------------------------------------------------+-----------------+---------+---------+---------+---------╯


Ran 1 test suite in 36.34ms (35.05ms CPU time): 6 tests passed, 0 failed, 0 skipped (6 total tests)
