    Blocking waiting for file lock on package cache
    Blocking waiting for file lock on artifact directory
warning: missing documentation for the crate
   --> crates/pvthfhe-keygen/tests/protocol_test.rs:1:1
    |
  1 | / use pvthfhe_keygen::{
  2 | |     BFVPublicKey, BlameProof, KeygenSession, Participant, PublicVerificationArtifact, Share,
  3 | | };
...   |
122 | |     unimplemented!("TODO: implement in A.I.2");
123 | | }
    | |_^
    |
    = note: requested on the command line with `-W missing-docs`

warning: `pvthfhe-keygen` (test "protocol_test") generated 1 warning
    Finished `test` profile [unoptimized + debuginfo] target(s) in 0.16s
     Running tests/protocol_test.rs (target/debug/deps/protocol_test-0bd2095fda87a233)

running 10 tests
test t2_corrupted_view_stays_bound_to_public_transcript ... FAILED
test t1_reconstruction_is_consistent_across_authorized_sets ... FAILED
test t2_reconstructed_key_does_not_expose_individual_shares ... FAILED
test t1_honest_n_of_n_keygen_yields_valid_bfv_public_key ... FAILED
test t3_bad_commitment_transcript_does_not_verify ... FAILED
test t3_invalid_dealing_is_rejected_by_verify ... FAILED
test t4_blame_proof_names_guilty_dealer_not_honest_party ... FAILED
test t4_cheating_dealer_produces_blame_proof ... FAILED
test t5_aborted_session_preserves_transition_invariants ... FAILED
test t5_session_state_advances_through_protocol_steps ... FAILED

failures:

---- t2_corrupted_view_stays_bound_to_public_transcript stdout ----

thread 't2_corrupted_view_stays_bound_to_public_transcript' (380795) panicked at crates/pvthfhe-keygen/tests/protocol_test.rs:77:5:
not implemented: TODO: implement in A.I.2

---- t1_reconstruction_is_consistent_across_authorized_sets stdout ----

thread 't1_reconstruction_is_consistent_across_authorized_sets' (380794) panicked at crates/pvthfhe-keygen/tests/protocol_test.rs:61:5:
not implemented: TODO: implement in A.I.2
note: run with `RUST_BACKTRACE=1` environment variable to display a backtrace

---- t2_reconstructed_key_does_not_expose_individual_shares stdout ----

thread 't2_reconstructed_key_does_not_expose_individual_shares' (380796) panicked at crates/pvthfhe-keygen/tests/protocol_test.rs:69:5:
not implemented: TODO: implement in A.I.2

---- t1_honest_n_of_n_keygen_yields_valid_bfv_public_key stdout ----

thread 't1_honest_n_of_n_keygen_yields_valid_bfv_public_key' (380793) panicked at crates/pvthfhe-keygen/tests/protocol_test.rs:52:5:
not implemented: TODO: implement in A.I.2

---- t3_bad_commitment_transcript_does_not_verify stdout ----

thread 't3_bad_commitment_transcript_does_not_verify' (380797) panicked at crates/pvthfhe-keygen/tests/protocol_test.rs:91:5:
not implemented: TODO: implement in A.I.2

---- t3_invalid_dealing_is_rejected_by_verify stdout ----

thread 't3_invalid_dealing_is_rejected_by_verify' (380798) panicked at crates/pvthfhe-keygen/tests/protocol_test.rs:84:5:
not implemented: TODO: implement in A.I.2

---- t4_blame_proof_names_guilty_dealer_not_honest_party stdout ----

thread 't4_blame_proof_names_guilty_dealer_not_honest_party' (380799) panicked at crates/pvthfhe-keygen/tests/protocol_test.rs:106:5:
not implemented: TODO: implement in A.I.2

---- t4_cheating_dealer_produces_blame_proof stdout ----

thread 't4_cheating_dealer_produces_blame_proof' (380800) panicked at crates/pvthfhe-keygen/tests/protocol_test.rs:99:5:
not implemented: TODO: implement in A.I.2

---- t5_aborted_session_preserves_transition_invariants stdout ----

thread 't5_aborted_session_preserves_transition_invariants' (380801) panicked at crates/pvthfhe-keygen/tests/protocol_test.rs:122:5:
not implemented: TODO: implement in A.I.2

---- t5_session_state_advances_through_protocol_steps stdout ----

thread 't5_session_state_advances_through_protocol_steps' (380802) panicked at crates/pvthfhe-keygen/tests/protocol_test.rs:114:5:
not implemented: TODO: implement in A.I.2


failures:
    t1_honest_n_of_n_keygen_yields_valid_bfv_public_key
    t1_reconstruction_is_consistent_across_authorized_sets
    t2_corrupted_view_stays_bound_to_public_transcript
    t2_reconstructed_key_does_not_expose_individual_shares
    t3_bad_commitment_transcript_does_not_verify
    t3_invalid_dealing_is_rejected_by_verify
    t4_blame_proof_names_guilty_dealer_not_honest_party
    t4_cheating_dealer_produces_blame_proof
    t5_aborted_session_preserves_transition_invariants
    t5_session_state_advances_through_protocol_steps

test result: FAILED. 0 passed; 10 failed; 0 ignored; 0 measured; 0 filtered out; finished in 0.00s

error: test failed, to rerun pass `-p pvthfhe-keygen --test protocol_test`
