[
  {
    "type": "function",
    "name": "rlweDegree",
    "inputs": [],
    "outputs": [
      {
        "name": "",
        "type": "uint32",
        "internalType": "uint32"
      }
    ],
    "stateMutability": "pure"
  },
  {
    "type": "function",
    "name": "threshold",
    "inputs": [],
    "outputs": [
      {
        "name": "",
        "type": "uint32",
        "internalType": "uint32"
      }
    ],
    "stateMutability": "pure"
  },
  {
    "type": "function",
    "name": "verify",
    "inputs": [
      {
        "name": "ciphertextHash",
        "type": "bytes32",
        "internalType": "bytes32"
      },
      {
        "name": "plaintextHash",
        "type": "bytes32",
        "internalType": "bytes32"
      },
      {
        "name": "aggregatePkHash",
        "type": "bytes32",
        "internalType": "bytes32"
      },
      {
        "name": "dkgRoot",
        "type": "bytes32",
        "internalType": "bytes32"
      },
      {
        "name": "epoch",
        "type": "uint64",
        "internalType": "uint64"
      },
      {
        "name": "participantSetHash",
        "type": "bytes32",
        "internalType": "bytes32"
      },
      {
        "name": "dCommitment",
        "type": "bytes32",
        "internalType": "bytes32"
      },
      {
        "name": "proof",
        "type": "bytes",
        "internalType": "bytes"
      }
    ],
    "outputs": [
      {
        "name": "valid",
        "type": "bool",
        "internalType": "bool"
      }
    ],
    "stateMutability": "view"
  }
]
