No files changed, compilation skipped

Ran 3 tests for test/PvtFheVerifier.e2e.t.sol:PvtFheVerifierE2ETest
[PASS] test_gas_under_5m() (gas: 14658)
[PASS] test_honest_proof_verifies() (gas: 14445)
[PASS] test_tampered_proof_reverts() (gas: 14493)
Suite result: ok. 3 passed; 0 failed; 0 skipped; finished in 2.28ms (518.03µs CPU time)

╭------------------------------------------------------+-----------------+------+--------+------+---------╮
| src/generated/HonkVerifier.sol:HonkVerifier Contract |                 |      |        |      |         |
+=========================================================================================================+
| Deployment Cost                                      | Deployment Size |      |        |      |         |
|------------------------------------------------------+-----------------+------+--------+------+---------|
|                                               246180 |             924 |      |        |      |         |
|------------------------------------------------------+-----------------+------+--------+------+---------|
|                                                      |                 |      |        |      |         |
|------------------------------------------------------+-----------------+------+--------+------+---------|
| Function Name                                        | Min             | Avg  | Median | Max  | # Calls |
|------------------------------------------------------+-----------------+------+--------+------+---------|
| verify                                               |            1278 | 1278 |   1278 | 1278 |       3 |
╰------------------------------------------------------+-----------------+------+--------+------+---------╯


Ran 1 test suite in 5.34ms (2.28ms CPU time): 3 tests passed, 0 failed, 0 skipped (3 total tests)
