Task: A.I.4 — Full security proofs for P4
Date: 2026-05-03

Artifacts updated:
- docs/security-proofs/p4/t1-correctness.md
- docs/security-proofs/p4/t2-secrecy.md
- docs/security-proofs/p4/t3-public-verifiability-soundness.md
- docs/security-proofs/p4/t4-abort-with-blame-robustness.md
- docs/security-proofs/p4/t5-sequential-composition.md
- docs/security-proofs/obligations.md

Validation results:
- python -m pytest .sisyphus/scripts/tests/test_validators.py -q
  RESULT: 27 passed in 0.55s
- python .sisyphus/scripts/validate-obligations-schema.py docs/security-proofs/obligations.md --problem P4 --status proven
  RESULT: PASS: obligations schema (5 rows) [problem=P4, status=proven]

Proof notes:
- T1 proved directly from Shamir interpolation over PRIME = 2^61 - 1 and reconstruct_bfv_key output encoding.
- T2 scoped honestly to information-theoretic Shamir secrecy for the current simulated implementation; RLWE secrecy deferred.
- T3 tied to verify_transcript as artifact gate plus transcript-share replay under SHA-256 commitment binding.
- T4 proved by deterministic commitment recomputation in check_and_blame / blame_dealing.
- T5 proved as sequential composition for the exported simulated KeygenSession/share/artifact/blame/BFVPublicKey interface; real RLWE handoff deferred.
- obligations.md informal statements were narrowed post-review to match the implemented simulated scope exactly.
