warning: pvthfhe-fhe@0.1.0: MOCK BACKEND ACTIVE — XOR/SHA256 ONLY. Set PVTHFHE_I_UNDERSTAND_THIS_IS_A_MOCK=1 to use.
warning: unused variable: `p1`
    --> crates/pvthfhe-fhe/src/fhers.rs:1090:13
     |
1090 |         let p1 = bfv_pk.c.get(1).ok_or(FheError::MalformedPublicKey)?;
     |             ^^ help: if this is intentional, prefix it with an underscore: `_p1`
     |
     = note: `#[warn(unused_variables)]` (part of `#[warn(unused)]`) on by default

warning: method `decryption_share_poly_from_full_state` is never used
   --> crates/pvthfhe-fhe/src/fhers.rs:299:8
    |
 75 | impl FhersBackend {
    | ----------------- method in this implementation
...
299 |     fn decryption_share_poly_from_full_state(
    |        ^^^^^^^^^^^^^^^^^^^^^^^^^^^^^^^^^^^^^
    |
    = note: `#[warn(dead_code)]` (part of `#[warn(unused)]`) on by default

warning: `pvthfhe-fhe` (lib) generated 2 warnings (run `cargo fix --lib -p pvthfhe-fhe` to apply 1 suggestion)
warning: missing documentation for an associated function
    --> crates/pvthfhe-pvss/src/nizk_share.rs:1392:5
     |
1392 |     pub fn from_opened(opened: &ShareNizkOpenedProof) -> Result<Self, PvssError> {
     |     ^^^^^^^^^^^^^^^^^^^^^^^^^^^^^^^^^^^^^^^^^^^^^^^^^^^^^^^^^^^^^^^^^^^^^^^^^^^^
     |
     = note: requested on the command line with `-W missing-docs`

warning: missing documentation for an associated function
    --> crates/pvthfhe-pvss/src/nizk_share.rs:1404:5
     |
1404 |     pub fn from_bytes(proof_bytes: Vec<u8>) -> Result<Self, PvssError> {
     |     ^^^^^^^^^^^^^^^^^^^^^^^^^^^^^^^^^^^^^^^^^^^^^^^^^^^^^^^^^^^^^^^^^^

warning: missing documentation for a method
    --> crates/pvthfhe-pvss/src/nizk_share.rs:1412:5
     |
1412 |     pub fn decode(&self) -> Result<ShareNizkOpenedProof, PvssError> {
     |     ^^^^^^^^^^^^^^^^^^^^^^^^^^^^^^^^^^^^^^^^^^^^^^^^^^^^^^^^^^^^^^^

warning: pvthfhe-aggregator@0.1.0: SURROGATE ACTIVE: HonkVerifier, micronova_wrap, aggregator_final are research surrogates — do not deploy
warning: `pvthfhe-pvss` (lib) generated 3 warnings
warning: unused imports: `BigInteger` and `PrimeField`
 --> crates/pvthfhe-compressor/src/merkle.rs:2:14
  |
2 | use ark_ff::{BigInteger, PrimeField};
  |              ^^^^^^^^^^  ^^^^^^^^^^
  |
  = note: `#[warn(unused_imports)]` (part of `#[warn(unused)]`) on by default

warning: missing documentation for a struct field
  --> crates/pvthfhe-compressor/src/sonobe/c7_merkle_circuit.rs:34:5
   |
34 |     pub leaf_value: F,
   |     ^^^^^^^^^^^^^^^^^
   |
   = note: requested on the command line with `-W missing-docs`

warning: missing documentation for a struct field
  --> crates/pvthfhe-compressor/src/sonobe/c7_merkle_circuit.rs:35:5
   |
35 |     pub leaf_index: F,
   |     ^^^^^^^^^^^^^^^^^

warning: missing documentation for a struct field
  --> crates/pvthfhe-compressor/src/sonobe/c7_merkle_circuit.rs:36:5
   |
36 |     pub siblings: Vec<F>,
   |     ^^^^^^^^^^^^^^^^^^^^

warning: missing documentation for a struct
  --> crates/pvthfhe-compressor/src/sonobe/c7_merkle_circuit.rs:50:1
   |
50 | pub struct C7MerkleExternalInputs<F: PrimeField> {
   | ^^^^^^^^^^^^^^^^^^^^^^^^^^^^^^^^^^^^^^^^^^^^^^^^

warning: missing documentation for a struct field
  --> crates/pvthfhe-compressor/src/sonobe/c7_merkle_circuit.rs:51:5
   |
51 |     pub share_eval: F,
   |     ^^^^^^^^^^^^^^^^^

warning: missing documentation for a struct field
  --> crates/pvthfhe-compressor/src/sonobe/c7_merkle_circuit.rs:52:5
   |
52 |     pub lagrange_coeff: F,
   |     ^^^^^^^^^^^^^^^^^^^^^

warning: missing documentation for a struct field
  --> crates/pvthfhe-compressor/src/sonobe/c7_merkle_circuit.rs:53:5
   |
53 |     pub merkle_root: F,
   |     ^^^^^^^^^^^^^^^^^^

warning: missing documentation for a struct field
  --> crates/pvthfhe-compressor/src/sonobe/c7_merkle_circuit.rs:54:5
   |
54 |     pub merkle_data: MerkleWitnessData<F>,
   |     ^^^^^^^^^^^^^^^^^^^^^^^^^^^^^^^^^^^^^

warning: missing documentation for a struct field
  --> crates/pvthfhe-compressor/src/sonobe/c7_merkle_circuit.rs:71:5
   |
71 |     pub share_eval: FpVar<F>,
   |     ^^^^^^^^^^^^^^^^^^^^^^^^

warning: missing documentation for a struct field
  --> crates/pvthfhe-compressor/src/sonobe/c7_merkle_circuit.rs:72:5
   |
72 |     pub lagrange_coeff: FpVar<F>,
   |     ^^^^^^^^^^^^^^^^^^^^^^^^^^^^

warning: missing documentation for a struct field
  --> crates/pvthfhe-compressor/src/sonobe/c7_merkle_circuit.rs:73:5
   |
73 |     pub merkle_root: FpVar<F>,
   |     ^^^^^^^^^^^^^^^^^^^^^^^^^

warning: missing documentation for a struct field
  --> crates/pvthfhe-compressor/src/sonobe/c7_merkle_circuit.rs:74:5
   |
74 |     pub merkle_leaf_value: FpVar<F>,
   |     ^^^^^^^^^^^^^^^^^^^^^^^^^^^^^^^

warning: missing documentation for a struct field
  --> crates/pvthfhe-compressor/src/sonobe/c7_merkle_circuit.rs:75:5
   |
75 |     pub merkle_leaf_index: FpVar<F>,
   |     ^^^^^^^^^^^^^^^^^^^^^^^^^^^^^^^

warning: missing documentation for a struct field
  --> crates/pvthfhe-compressor/src/sonobe/c7_merkle_circuit.rs:76:5
   |
76 |     pub merkle_siblings: Vec<FpVar<F>>,
   |     ^^^^^^^^^^^^^^^^^^^^^^^^^^^^^^^^^^

warning: missing documentation for a struct field
   --> crates/pvthfhe-compressor/src/sonobe/c7_merkle_circuit.rs:176:5
    |
176 |     pub merkle_depth: usize,
    |     ^^^^^^^^^^^^^^^^^^^^^^^

warning: missing documentation for a struct field
   --> crates/pvthfhe-compressor/src/sonobe/c7_merkle_circuit.rs:177:5
    |
177 |     pub merkle_arity: usize,
    |     ^^^^^^^^^^^^^^^^^^^^^^^

warning: missing documentation for an associated function
   --> crates/pvthfhe-compressor/src/sonobe/c7_merkle_circuit.rs:181:5
    |
181 |     pub fn new_with_depth(depth: usize, arity: usize) -> Result<Self, folding_schemes::Error> {
    |     ^^^^^^^^^^^^^^^^^^^^^^^^^^^^^^^^^^^^^^^^^^^^^^^^^^^^^^^^^^^^^^^^^^^^^^^^^^^^^^^^^^^^^^^^^

warning: missing documentation for a method
   --> crates/pvthfhe-compressor/src/sonobe/c7_merkle_circuit.rs:189:5
    |
189 |     pub fn external_inputs_width(&self) -> usize {
    |     ^^^^^^^^^^^^^^^^^^^^^^^^^^^^^^^^^^^^^^^^^^^^

warning: use of deprecated struct `hermine::HermineAdapter`: HermineAdapter uses deterministic share derivation (CRITICAL finding F60). Use LatticePvssBfvAdapter instead.
  --> crates/pvthfhe-keygen/src/hermine.rs:62:6
   |
62 | impl HermineAdapter {
   |      ^^^^^^^^^^^^^^
   |
   = note: `#[warn(deprecated)]` on by default

warning: use of deprecated struct `hermine::HermineAdapter`: HermineAdapter uses deterministic share derivation (CRITICAL finding F60). Use LatticePvssBfvAdapter instead.
   --> crates/pvthfhe-keygen/src/hermine.rs:267:24
    |
267 | impl KeygenAdapter for HermineAdapter {
    |                        ^^^^^^^^^^^^^^

warning: `pvthfhe-compressor` (lib) generated 19 warnings (run `cargo fix --lib -p pvthfhe-compressor` to apply 1 suggestion)
warning: `pvthfhe-keygen` (lib) generated 2 warnings
   Compiling pvthfhe-bench v0.1.0 (/home/dev/pvthfhe/crates/pvthfhe-bench)
    Finished `release` profile [optimized] target(s) in 0.72s
     Running `target/release/bench_scaling`
Benchmarking n=128...
bench_scaling failed for n=128: keygen new: invalid threshold: n=128, t=64 (must satisfy 1 ≤ t ≤ ⌊(n-1)/2⌋)
