warning: unused import: `KeygenState`
 --> crates/pvthfhe-aggregator/src/keygen/simulator.rs:1:20
  |
1 | use super::types::{KeygenState, PartyId, DkgTranscript, Round1Message, Round2Message, Round3Aggregate};
  |                    ^^^^^^^^^^^
  |
  = note: `#[warn(unused_imports)]` (part of `#[warn(unused)]`) on by default

warning: field `threshold` is never read
  --> crates/pvthfhe-aggregator/src/keygen/simulator.rs:22:5
   |
20 | pub struct KeygenSimulator {
   |            --------------- field in this struct
21 |     n_parties: usize,
22 |     threshold: usize,
   |     ^^^^^^^^^
   |
   = note: `#[warn(dead_code)]` (part of `#[warn(unused)]`) on by default

warning: missing documentation for the crate
 --> crates/pvthfhe-aggregator/src/lib.rs:1:1
  |
1 | / pub mod keygen;
2 | | pub mod decrypt;
3 | | pub mod folding;
  | |________________^
  |
  = note: requested on the command line with `-W missing-docs`

warning: missing documentation for a module
 --> crates/pvthfhe-aggregator/src/lib.rs:1:1
  |
1 | pub mod keygen;
  | ^^^^^^^^^^^^^^

warning: missing documentation for a module
 --> crates/pvthfhe-aggregator/src/lib.rs:2:1
  |
2 | pub mod decrypt;
  | ^^^^^^^^^^^^^^^

warning: missing documentation for a module
 --> crates/pvthfhe-aggregator/src/keygen/mod.rs:1:1
  |
1 | pub mod simulator;
  | ^^^^^^^^^^^^^^^^^

warning: missing documentation for a module
 --> crates/pvthfhe-aggregator/src/keygen/mod.rs:2:1
  |
2 | pub mod types;
  | ^^^^^^^^^^^^^

warning: missing documentation for a module
 --> crates/pvthfhe-aggregator/src/keygen/mod.rs:3:1
  |
3 | pub mod protocol;
  | ^^^^^^^^^^^^^^^^

warning: missing documentation for an enum
 --> crates/pvthfhe-aggregator/src/keygen/simulator.rs:8:1
  |
8 | pub enum FaultType {
  | ^^^^^^^^^^^^^^^^^^

warning: missing documentation for a variant
 --> crates/pvthfhe-aggregator/src/keygen/simulator.rs:9:5
  |
9 |     MalformedProof,
  |     ^^^^^^^^^^^^^^

warning: missing documentation for a variant
  --> crates/pvthfhe-aggregator/src/keygen/simulator.rs:10:5
   |
10 |     WithholdShare,
   |     ^^^^^^^^^^^^^

warning: missing documentation for a variant
  --> crates/pvthfhe-aggregator/src/keygen/simulator.rs:11:5
   |
11 |     Equivocate,
   |     ^^^^^^^^^^

warning: missing documentation for an enum
  --> crates/pvthfhe-aggregator/src/keygen/simulator.rs:15:1
   |
15 | pub enum KeygenResult {
   | ^^^^^^^^^^^^^^^^^^^^^

warning: missing documentation for a variant
  --> crates/pvthfhe-aggregator/src/keygen/simulator.rs:16:5
   |
16 |     Complete(DkgTranscript),
   |     ^^^^^^^^

warning: missing documentation for a variant
  --> crates/pvthfhe-aggregator/src/keygen/simulator.rs:17:5
   |
17 |     Blamed(Vec<PartyId>),
   |     ^^^^^^

warning: missing documentation for a struct
  --> crates/pvthfhe-aggregator/src/keygen/simulator.rs:20:1
   |
20 | pub struct KeygenSimulator {
   | ^^^^^^^^^^^^^^^^^^^^^^^^^^

warning: missing documentation for an associated function
  --> crates/pvthfhe-aggregator/src/keygen/simulator.rs:36:5
   |
36 |     pub fn new(n_parties: usize, threshold: usize, backend: MockBackend) -> Self {
   |     ^^^^^^^^^^^^^^^^^^^^^^^^^^^^^^^^^^^^^^^^^^^^^^^^^^^^^^^^^^^^^^^^^^^^^^^^^^^^

warning: missing documentation for a method
  --> crates/pvthfhe-aggregator/src/keygen/simulator.rs:45:5
   |
45 |     pub fn inject_fault(&mut self, party_id: PartyId, fault: FaultType) {
   |     ^^^^^^^^^^^^^^^^^^^^^^^^^^^^^^^^^^^^^^^^^^^^^^^^^^^^^^^^^^^^^^^^^^^

warning: missing documentation for a method
  --> crates/pvthfhe-aggregator/src/keygen/simulator.rs:49:5
   |
49 |     pub fn run(&mut self) -> Result<KeygenResult, pvthfhe_fhe::FheError> {
   |     ^^^^^^^^^^^^^^^^^^^^^^^^^^^^^^^^^^^^^^^^^^^^^^^^^^^^^^^^^^^^^^^^^^^^

warning: missing documentation for a type alias
 --> crates/pvthfhe-aggregator/src/keygen/types.rs:3:1
  |
3 | pub type PartyId = u32;
  | ^^^^^^^^^^^^^^^^

warning: missing documentation for a struct
 --> crates/pvthfhe-aggregator/src/keygen/types.rs:6:1
  |
6 | pub struct Round1Message {
  | ^^^^^^^^^^^^^^^^^^^^^^^^

warning: missing documentation for a struct field
 --> crates/pvthfhe-aggregator/src/keygen/types.rs:7:5
  |
7 |     pub party_id: PartyId,
  |     ^^^^^^^^^^^^^^^^^^^^^

warning: missing documentation for a struct field
 --> crates/pvthfhe-aggregator/src/keygen/types.rs:8:5
  |
8 |     pub pk_i: PublicKey,
  |     ^^^^^^^^^^^^^^^^^^^

warning: missing documentation for a struct field
 --> crates/pvthfhe-aggregator/src/keygen/types.rs:9:5
  |
9 |     pub pk_i_hash: [u8; 32],
  |     ^^^^^^^^^^^^^^^^^^^^^^^

warning: missing documentation for a struct field
  --> crates/pvthfhe-aggregator/src/keygen/types.rs:10:5
   |
10 |     pub commitment: [u8; 32],
   |     ^^^^^^^^^^^^^^^^^^^^^^^^

warning: missing documentation for a struct field
  --> crates/pvthfhe-aggregator/src/keygen/types.rs:11:5
   |
11 |     pub poly_commit: [u8; 32],
   |     ^^^^^^^^^^^^^^^^^^^^^^^^^

warning: missing documentation for a struct field
  --> crates/pvthfhe-aggregator/src/keygen/types.rs:12:5
   |
12 |     pub encrypted_shares: std::collections::HashMap<PartyId, Vec<u8>>,
   |     ^^^^^^^^^^^^^^^^^^^^^^^^^^^^^^^^^^^^^^^^^^^^^^^^^^^^^^^^^^^^^^^^^

warning: missing documentation for a struct field
  --> crates/pvthfhe-aggregator/src/keygen/types.rs:13:5
   |
13 |     pub nizk: Vec<u8>,
   |     ^^^^^^^^^^^^^^^^^

warning: missing documentation for a struct
  --> crates/pvthfhe-aggregator/src/keygen/types.rs:17:1
   |
17 | pub struct Round2Message {
   | ^^^^^^^^^^^^^^^^^^^^^^^^

warning: missing documentation for a struct field
  --> crates/pvthfhe-aggregator/src/keygen/types.rs:18:5
   |
18 |     pub party_id: PartyId,
   |     ^^^^^^^^^^^^^^^^^^^^^

warning: missing documentation for a struct field
  --> crates/pvthfhe-aggregator/src/keygen/types.rs:19:5
   |
19 |     pub complaints: Vec<PartyId>, // Simplified for simulator
   |     ^^^^^^^^^^^^^^^^^^^^^^^^^^^^

warning: missing documentation for a struct
  --> crates/pvthfhe-aggregator/src/keygen/types.rs:23:1
   |
23 | pub struct Round3Aggregate {
   | ^^^^^^^^^^^^^^^^^^^^^^^^^^

warning: missing documentation for a struct field
  --> crates/pvthfhe-aggregator/src/keygen/types.rs:24:5
   |
24 |     pub aggregate_pk: PublicKey,
   |     ^^^^^^^^^^^^^^^^^^^^^^^^^^^

warning: missing documentation for a struct field
  --> crates/pvthfhe-aggregator/src/keygen/types.rs:25:5
   |
25 |     pub participant_set_hash: [u8; 32],
   |     ^^^^^^^^^^^^^^^^^^^^^^^^^^^^^^^^^^

warning: missing documentation for a struct
  --> crates/pvthfhe-aggregator/src/keygen/types.rs:29:1
   |
29 | pub struct DkgTranscript {
   | ^^^^^^^^^^^^^^^^^^^^^^^^

warning: missing documentation for a struct field
  --> crates/pvthfhe-aggregator/src/keygen/types.rs:30:5
   |
30 |     pub version: u8,
   |     ^^^^^^^^^^^^^^^

warning: missing documentation for a struct field
  --> crates/pvthfhe-aggregator/src/keygen/types.rs:31:5
   |
31 |     pub participant_set: Vec<PartyId>,
   |     ^^^^^^^^^^^^^^^^^^^^^^^^^^^^^^^^^

warning: missing documentation for a struct field
  --> crates/pvthfhe-aggregator/src/keygen/types.rs:32:5
   |
32 |     pub round1_messages: Vec<Round1Message>,
   |     ^^^^^^^^^^^^^^^^^^^^^^^^^^^^^^^^^^^^^^^

warning: missing documentation for a struct field
  --> crates/pvthfhe-aggregator/src/keygen/types.rs:33:5
   |
33 |     pub round2_messages: Vec<Round2Message>,
   |     ^^^^^^^^^^^^^^^^^^^^^^^^^^^^^^^^^^^^^^^

warning: missing documentation for a struct field
  --> crates/pvthfhe-aggregator/src/keygen/types.rs:34:5
   |
34 |     pub round3_aggregate: Round3Aggregate,
   |     ^^^^^^^^^^^^^^^^^^^^^^^^^^^^^^^^^^^^^

warning: missing documentation for a struct field
  --> crates/pvthfhe-aggregator/src/keygen/types.rs:35:5
   |
35 |     pub dkg_root: [u8; 32],
   |     ^^^^^^^^^^^^^^^^^^^^^^

warning: missing documentation for a struct field
  --> crates/pvthfhe-aggregator/src/keygen/types.rs:36:5
   |
36 |     pub transcript_hash: [u8; 32],
   |     ^^^^^^^^^^^^^^^^^^^^^^^^^^^^^

warning: missing documentation for an enum
  --> crates/pvthfhe-aggregator/src/keygen/types.rs:39:1
   |
39 | pub enum KeygenState {
   | ^^^^^^^^^^^^^^^^^^^^

warning: missing documentation for a variant
  --> crates/pvthfhe-aggregator/src/keygen/types.rs:40:5
   |
40 |     Round1,
   |     ^^^^^^

warning: missing documentation for a variant
  --> crates/pvthfhe-aggregator/src/keygen/types.rs:41:5
   |
41 |     Round2 { round1_msgs: Vec<Round1Message> },
   |     ^^^^^^

warning: missing documentation for a struct field
  --> crates/pvthfhe-aggregator/src/keygen/types.rs:41:14
   |
41 |     Round2 { round1_msgs: Vec<Round1Message> },
   |              ^^^^^^^^^^^^^^^^^^^^^^^^^^^^^^^

warning: missing documentation for a variant
  --> crates/pvthfhe-aggregator/src/keygen/types.rs:42:5
   |
42 |     Round3 { round1_msgs: Vec<Round1Message>, round2_msgs: Vec<Round2Message> },
   |     ^^^^^^

warning: missing documentation for a struct field
  --> crates/pvthfhe-aggregator/src/keygen/types.rs:42:14
   |
42 |     Round3 { round1_msgs: Vec<Round1Message>, round2_msgs: Vec<Round2Message> },
   |              ^^^^^^^^^^^^^^^^^^^^^^^^^^^^^^^

warning: missing documentation for a struct field
  --> crates/pvthfhe-aggregator/src/keygen/types.rs:42:47
   |
42 |     Round3 { round1_msgs: Vec<Round1Message>, round2_msgs: Vec<Round2Message> },
   |                                               ^^^^^^^^^^^^^^^^^^^^^^^^^^^^^^^

warning: missing documentation for a variant
  --> crates/pvthfhe-aggregator/src/keygen/types.rs:43:5
   |
43 |     Complete { transcript: DkgTranscript },
   |     ^^^^^^^^

warning: missing documentation for a struct field
  --> crates/pvthfhe-aggregator/src/keygen/types.rs:43:16
   |
43 |     Complete { transcript: DkgTranscript },
   |                ^^^^^^^^^^^^^^^^^^^^^^^^^

warning: missing documentation for a variant
  --> crates/pvthfhe-aggregator/src/keygen/types.rs:44:5
   |
44 |     Failed { blame: Vec<PartyId> },
   |     ^^^^^^

warning: missing documentation for a struct field
  --> crates/pvthfhe-aggregator/src/keygen/types.rs:44:14
   |
44 |     Failed { blame: Vec<PartyId> },
   |              ^^^^^^^^^^^^^^^^^^^

warning: missing documentation for an enum
 --> crates/pvthfhe-aggregator/src/decrypt/mod.rs:7:1
  |
7 | pub enum DecryptError {
  | ^^^^^^^^^^^^^^^^^^^^^

warning: missing documentation for a variant
 --> crates/pvthfhe-aggregator/src/decrypt/mod.rs:9:5
  |
9 |     InvalidShare { party_id: u32 },
  |     ^^^^^^^^^^^^

warning: missing documentation for a struct field
 --> crates/pvthfhe-aggregator/src/decrypt/mod.rs:9:20
  |
9 |     InvalidShare { party_id: u32 },
  |                    ^^^^^^^^^^^^^

warning: missing documentation for a variant
  --> crates/pvthfhe-aggregator/src/decrypt/mod.rs:11:5
   |
11 |     InsufficientShares { needed: usize, got: usize },
   |     ^^^^^^^^^^^^^^^^^^

warning: missing documentation for a struct field
  --> crates/pvthfhe-aggregator/src/decrypt/mod.rs:11:26
   |
11 |     InsufficientShares { needed: usize, got: usize },
   |                          ^^^^^^^^^^^^^

warning: missing documentation for a struct field
  --> crates/pvthfhe-aggregator/src/decrypt/mod.rs:11:41
   |
11 |     InsufficientShares { needed: usize, got: usize },
   |                                         ^^^^^^^^^^

warning: missing documentation for a variant
  --> crates/pvthfhe-aggregator/src/decrypt/mod.rs:13:5
   |
13 |     DuplicateParty(u32),
   |     ^^^^^^^^^^^^^^

warning: missing documentation for a variant
  --> crates/pvthfhe-aggregator/src/decrypt/mod.rs:15:5
   |
15 |     UnknownParty(u32),
   |     ^^^^^^^^^^^^

warning: missing documentation for a variant
  --> crates/pvthfhe-aggregator/src/decrypt/mod.rs:17:5
   |
17 |     Backend(#[from] FheError),
   |     ^^^^^^^

warning: missing documentation for a struct
  --> crates/pvthfhe-aggregator/src/decrypt/mod.rs:21:1
   |
21 | pub struct DecryptSharePayload {
   | ^^^^^^^^^^^^^^^^^^^^^^^^^^^^^^

warning: missing documentation for a struct field
  --> crates/pvthfhe-aggregator/src/decrypt/mod.rs:22:5
   |
22 |     pub party_id: u32,
   |     ^^^^^^^^^^^^^^^^^

warning: missing documentation for a struct field
  --> crates/pvthfhe-aggregator/src/decrypt/mod.rs:23:5
   |
23 |     pub pk_i_hash: [u8; 32],
   |     ^^^^^^^^^^^^^^^^^^^^^^^

warning: missing documentation for a struct field
  --> crates/pvthfhe-aggregator/src/decrypt/mod.rs:24:5
   |
24 |     pub dkg_root: [u8; 32],
   |     ^^^^^^^^^^^^^^^^^^^^^^

warning: missing documentation for a struct field
  --> crates/pvthfhe-aggregator/src/decrypt/mod.rs:25:5
   |
25 |     pub ciphertext_hash: [u8; 32],
   |     ^^^^^^^^^^^^^^^^^^^^^^^^^^^^^

warning: missing documentation for a struct field
  --> crates/pvthfhe-aggregator/src/decrypt/mod.rs:26:5
   |
26 |     pub epoch: u64,
   |     ^^^^^^^^^^^^^^

warning: missing documentation for a struct field
  --> crates/pvthfhe-aggregator/src/decrypt/mod.rs:27:5
   |
27 |     pub share: DecryptShare,
   |     ^^^^^^^^^^^^^^^^^^^^^^^

warning: missing documentation for a struct field
  --> crates/pvthfhe-aggregator/src/decrypt/mod.rs:28:5
   |
28 |     pub nizk: Vec<u8>,
   |     ^^^^^^^^^^^^^^^^^

warning: missing documentation for a struct field
  --> crates/pvthfhe-aggregator/src/decrypt/mod.rs:29:5
   |
29 |     pub version: u8,
   |     ^^^^^^^^^^^^^^^

warning: missing documentation for a function
  --> crates/pvthfhe-aggregator/src/decrypt/mod.rs:32:1
   |
32 | / pub fn partial_decrypt(
33 | |     backend: &impl FheBackend,
34 | |     ct: &Ciphertext,
35 | |     party_id: u32,
...  |
39 | |     rng: &mut dyn RngCore,
40 | | ) -> Result<DecryptSharePayload, DecryptError> {
   | |______________________________________________^

warning: missing documentation for a function
  --> crates/pvthfhe-aggregator/src/decrypt/mod.rs:55:1
   |
55 | / pub fn aggregate_decrypt(
56 | |     backend: &impl FheBackend,
57 | |     ct: &Ciphertext,
58 | |     shares: &[DecryptSharePayload],
...  |
63 | |     _epoch: u64,
64 | | ) -> Result<Vec<u8>, DecryptError> {
   | |__________________________________^

warning: missing documentation for an enum
  --> crates/pvthfhe-aggregator/src/folding/mod.rs:11:1
   |
11 | pub enum FoldingError {
   | ^^^^^^^^^^^^^^^^^^^^^

warning: missing documentation for a variant
  --> crates/pvthfhe-aggregator/src/folding/mod.rs:13:5
   |
13 |     InvalidLeaf(u32),
   |     ^^^^^^^^^^^

warning: missing documentation for a struct
  --> crates/pvthfhe-aggregator/src/folding/mod.rs:17:1
   |
17 | pub struct PartyProof {
   | ^^^^^^^^^^^^^^^^^^^^^

warning: missing documentation for a struct field
  --> crates/pvthfhe-aggregator/src/folding/mod.rs:18:5
   |
18 |     pub party_id: u32,
   |     ^^^^^^^^^^^^^^^^^

warning: missing documentation for a struct field
  --> crates/pvthfhe-aggregator/src/folding/mod.rs:19:5
   |
19 |     pub share_hash: [u8; 32],
   |     ^^^^^^^^^^^^^^^^^^^^^^^^

warning: missing documentation for a struct field
  --> crates/pvthfhe-aggregator/src/folding/mod.rs:20:5
   |
20 |     pub nizk_bytes: Vec<u8>,
   |     ^^^^^^^^^^^^^^^^^^^^^^^

warning: missing documentation for a struct
  --> crates/pvthfhe-aggregator/src/folding/mod.rs:24:1
   |
24 | pub struct FinalSnark {
   | ^^^^^^^^^^^^^^^^^^^^^

warning: missing documentation for a struct field
  --> crates/pvthfhe-aggregator/src/folding/mod.rs:25:5
   |
25 |     pub proof_bytes: Vec<u8>,
   |     ^^^^^^^^^^^^^^^^^^^^^^^^

warning: missing documentation for a struct field
  --> crates/pvthfhe-aggregator/src/folding/mod.rs:26:5
   |
26 |     pub public_inputs: Vec<[u8; 32]>,
   |     ^^^^^^^^^^^^^^^^^^^^^^^^^^^^^^^^

warning: missing documentation for a struct field
  --> crates/pvthfhe-aggregator/src/folding/mod.rs:27:5
   |
27 |     pub prover_time_ms: u64,
   |     ^^^^^^^^^^^^^^^^^^^^^^^

warning: missing documentation for a struct field
  --> crates/pvthfhe-aggregator/src/folding/mod.rs:28:5
   |
28 |     pub proof_size_bytes: usize,
   |     ^^^^^^^^^^^^^^^^^^^^^^^^^^^

warning: missing documentation for a struct
  --> crates/pvthfhe-aggregator/src/folding/mod.rs:31:1
   |
31 | pub struct FoldingAccumulator {
   | ^^^^^^^^^^^^^^^^^^^^^^^^^^^^^

warning: missing documentation for an associated function
  --> crates/pvthfhe-aggregator/src/folding/mod.rs:42:5
   |
42 |     pub fn new() -> Self {
   |     ^^^^^^^^^^^^^^^^^^^^

warning: missing documentation for a method
  --> crates/pvthfhe-aggregator/src/folding/mod.rs:46:5
   |
46 |     pub fn add_proof(&mut self, proof: PartyProof) -> Result<(), FoldingError> {
   |     ^^^^^^^^^^^^^^^^^^^^^^^^^^^^^^^^^^^^^^^^^^^^^^^^^^^^^^^^^^^^^^^^^^^^^^^^^^

warning: missing documentation for a method
  --> crates/pvthfhe-aggregator/src/folding/mod.rs:51:5
   |
51 |     pub fn finalize(&self) -> Result<FinalSnark, FoldingError> {
   |     ^^^^^^^^^^^^^^^^^^^^^^^^^^^^^^^^^^^^^^^^^^^^^^^^^^^^^^^^^^

warning: `pvthfhe-aggregator` (lib) generated 88 warnings (run `cargo fix --lib -p pvthfhe-aggregator` to apply 1 suggestion)
warning: missing documentation for the crate
   --> crates/pvthfhe-bench/src/lib.rs:1:1
    |
  1 | / pub mod backends;
  2 | | pub mod folding;
  3 | | pub mod worked_example;
...   |
180 | | }
    | |_^
    |
    = note: requested on the command line with `-W missing-docs`

warning: missing documentation for a module
 --> crates/pvthfhe-bench/src/lib.rs:1:1
  |
1 | pub mod backends;
  | ^^^^^^^^^^^^^^^^

warning: missing documentation for a module
 --> crates/pvthfhe-bench/src/lib.rs:2:1
  |
2 | pub mod folding;
  | ^^^^^^^^^^^^^^^

warning: missing documentation for a module
 --> crates/pvthfhe-bench/src/lib.rs:3:1
  |
3 | pub mod worked_example;
  | ^^^^^^^^^^^^^^^^^^^^^^

warning: missing documentation for a struct
 --> crates/pvthfhe-bench/src/lib.rs:8:1
  |
8 | pub struct BenchEnv {
  | ^^^^^^^^^^^^^^^^^^^

warning: missing documentation for a struct field
 --> crates/pvthfhe-bench/src/lib.rs:9:5
  |
9 |     pub cpu: String,
  |     ^^^^^^^^^^^^^^^

warning: missing documentation for a struct field
  --> crates/pvthfhe-bench/src/lib.rs:10:5
   |
10 |     pub ram_gb: u64,
   |     ^^^^^^^^^^^^^^^

warning: missing documentation for a struct field
  --> crates/pvthfhe-bench/src/lib.rs:11:5
   |
11 |     pub kernel: String,
   |     ^^^^^^^^^^^^^^^^^^

warning: missing documentation for a struct field
  --> crates/pvthfhe-bench/src/lib.rs:12:5
   |
12 |     pub git_sha: String,
   |     ^^^^^^^^^^^^^^^^^^^

warning: missing documentation for a struct field
  --> crates/pvthfhe-bench/src/lib.rs:13:5
   |
13 |     pub timestamp: String,
   |     ^^^^^^^^^^^^^^^^^^^^^

warning: missing documentation for a struct
  --> crates/pvthfhe-bench/src/lib.rs:17:1
   |
17 | pub struct BenchRecord {
   | ^^^^^^^^^^^^^^^^^^^^^^

warning: missing documentation for a struct field
  --> crates/pvthfhe-bench/src/lib.rs:18:5
   |
18 |     pub case: String,
   |     ^^^^^^^^^^^^^^^^

warning: missing documentation for a struct field
  --> crates/pvthfhe-bench/src/lib.rs:19:5
   |
19 |     pub backend: String,
   |     ^^^^^^^^^^^^^^^^^^^

warning: missing documentation for a struct field
  --> crates/pvthfhe-bench/src/lib.rs:20:5
   |
20 |     pub median_ns: f64,
   |     ^^^^^^^^^^^^^^^^^^

warning: missing documentation for a struct field
  --> crates/pvthfhe-bench/src/lib.rs:21:5
   |
21 |     pub mean_ns: f64,
   |     ^^^^^^^^^^^^^^^^

warning: missing documentation for a struct field
  --> crates/pvthfhe-bench/src/lib.rs:22:5
   |
22 |     pub stddev_ns: f64,
   |     ^^^^^^^^^^^^^^^^^^

warning: missing documentation for a struct field
  --> crates/pvthfhe-bench/src/lib.rs:23:5
   |
23 |     pub n_runs: u64,
   |     ^^^^^^^^^^^^^^^

warning: missing documentation for a struct
  --> crates/pvthfhe-bench/src/lib.rs:27:1
   |
27 | pub struct BenchStats {
   | ^^^^^^^^^^^^^^^^^^^^^

warning: missing documentation for a struct field
  --> crates/pvthfhe-bench/src/lib.rs:28:5
   |
28 |     pub median_ns: f64,
   |     ^^^^^^^^^^^^^^^^^^

warning: missing documentation for a struct field
  --> crates/pvthfhe-bench/src/lib.rs:29:5
   |
29 |     pub mean_ns: f64,
   |     ^^^^^^^^^^^^^^^^

warning: missing documentation for a struct field
  --> crates/pvthfhe-bench/src/lib.rs:30:5
   |
30 |     pub stddev_ns: f64,
   |     ^^^^^^^^^^^^^^^^^^

warning: missing documentation for an associated function
  --> crates/pvthfhe-bench/src/lib.rs:34:5
   |
34 |     pub fn capture() -> Self {
   |     ^^^^^^^^^^^^^^^^^^^^^^^^

warning: missing documentation for a function
  --> crates/pvthfhe-bench/src/lib.rs:79:1
   |
79 | pub fn summarize_samples(samples_ns: &[f64]) -> BenchStats {
   | ^^^^^^^^^^^^^^^^^^^^^^^^^^^^^^^^^^^^^^^^^^^^^^^^^^^^^^^^^^

warning: missing documentation for a module
 --> crates/pvthfhe-bench/src/backends/mod.rs:1:1
  |
1 | pub mod fhe_rs;
  | ^^^^^^^^^^^^^^

warning: missing documentation for a module
 --> crates/pvthfhe-bench/src/backends/mod.rs:2:1
  |
2 | pub mod poulpy;
  | ^^^^^^^^^^^^^^

warning: missing documentation for a constant
 --> crates/pvthfhe-bench/src/backends/mod.rs:4:1
  |
4 | pub const POLY_DEGREE: usize = 4096;
  | ^^^^^^^^^^^^^^^^^^^^^^^^^^^^

warning: missing documentation for a constant
 --> crates/pvthfhe-bench/src/backends/mod.rs:5:1
  |
5 | pub const RNS_LIMBS: usize = 4;
  | ^^^^^^^^^^^^^^^^^^^^^^^^^^

warning: missing documentation for a constant
 --> crates/pvthfhe-bench/src/backends/mod.rs:6:1
  |
6 | pub const MODULI_60_BIT: [u64; RNS_LIMBS] = [
  | ^^^^^^^^^^^^^^^^^^^^^^^^^^^^^^^^^^^^^^^^^

warning: missing documentation for a trait
  --> crates/pvthfhe-bench/src/backends/mod.rs:13:1
   |
13 | pub trait RqOps {
   | ^^^^^^^^^^^^^^^

warning: missing documentation for a method
  --> crates/pvthfhe-bench/src/backends/mod.rs:14:5
   |
14 |     fn ntt_fwd(&self, x: &mut [u64]);
   |     ^^^^^^^^^^^^^^^^^^^^^^^^^^^^^^^^^

warning: missing documentation for a method
  --> crates/pvthfhe-bench/src/backends/mod.rs:15:5
   |
15 |     fn ntt_inv(&self, x: &mut [u64]);
   |     ^^^^^^^^^^^^^^^^^^^^^^^^^^^^^^^^^

warning: missing documentation for a method
  --> crates/pvthfhe-bench/src/backends/mod.rs:16:5
   |
16 |     fn poly_mul(&self, a: &[u64], b: &[u64], out: &mut [u64]);
   |     ^^^^^^^^^^^^^^^^^^^^^^^^^^^^^^^^^^^^^^^^^^^^^^^^^^^^^^^^^^

warning: missing documentation for a method
  --> crates/pvthfhe-bench/src/backends/mod.rs:17:5
   |
17 |     fn sample_uniform(&self, out: &mut [u64], seed: u64);
   |     ^^^^^^^^^^^^^^^^^^^^^^^^^^^^^^^^^^^^^^^^^^^^^^^^^^^^^

warning: missing documentation for a struct
  --> crates/pvthfhe-bench/src/backends/mod.rs:21:1
   |
21 | pub struct BackendGap {
   | ^^^^^^^^^^^^^^^^^^^^^

warning: missing documentation for a struct field
  --> crates/pvthfhe-bench/src/backends/mod.rs:22:5
   |
22 |     pub backend: &'static str,
   |     ^^^^^^^^^^^^^^^^^^^^^^^^^

warning: missing documentation for a struct field
  --> crates/pvthfhe-bench/src/backends/mod.rs:23:5
   |
23 |     pub reason: &'static str,
   |     ^^^^^^^^^^^^^^^^^^^^^^^^

warning: missing documentation for an enum
  --> crates/pvthfhe-bench/src/backends/mod.rs:27:1
   |
27 | pub enum BackendAvailability {
   | ^^^^^^^^^^^^^^^^^^^^^^^^^^^^

warning: missing documentation for a variant
  --> crates/pvthfhe-bench/src/backends/mod.rs:28:5
   |
28 |     Available,
   |     ^^^^^^^^^

warning: missing documentation for a variant
  --> crates/pvthfhe-bench/src/backends/mod.rs:29:5
   |
29 |     FeatureGap(BackendGap),
   |     ^^^^^^^^^^

warning: missing documentation for a struct
  --> crates/pvthfhe-bench/src/backends/mod.rs:33:1
   |
33 | pub struct BackendProbe {
   | ^^^^^^^^^^^^^^^^^^^^^^^

warning: missing documentation for a struct field
  --> crates/pvthfhe-bench/src/backends/mod.rs:34:5
   |
34 |     pub name: &'static str,
   |     ^^^^^^^^^^^^^^^^^^^^^^

warning: missing documentation for a struct field
  --> crates/pvthfhe-bench/src/backends/mod.rs:35:5
   |
35 |     pub availability: BackendAvailability,
   |     ^^^^^^^^^^^^^^^^^^^^^^^^^^^^^^^^^^^^^

warning: missing documentation for a function
  --> crates/pvthfhe-bench/src/backends/mod.rs:38:1
   |
38 | pub fn expected_rns_len() -> usize {
   | ^^^^^^^^^^^^^^^^^^^^^^^^^^^^^^^^^^

warning: missing documentation for a constant
 --> crates/pvthfhe-bench/src/backends/fhe_rs.rs:3:1
  |
3 | pub const FHE_RS_PINNED_SHA: &str = "5f24d0b62a7329b789db07a065b68accd614a47b";
  | ^^^^^^^^^^^^^^^^^^^^^^^^^^^^^^^^^

warning: missing documentation for a struct
 --> crates/pvthfhe-bench/src/backends/fhe_rs.rs:6:1
  |
6 | pub struct FheRsBackend;
  | ^^^^^^^^^^^^^^^^^^^^^^^

warning: missing documentation for an associated function
 --> crates/pvthfhe-bench/src/backends/fhe_rs.rs:9:5
  |
9 |     pub fn probe() -> BackendProbe {
  |     ^^^^^^^^^^^^^^^^^^^^^^^^^^^^^^

warning: missing documentation for a constant
 --> crates/pvthfhe-bench/src/backends/poulpy.rs:3:1
  |
3 | pub const POULPY_PINNED_SHA: &str = "4a1f0c642cef7e5830287c3d6af7e013d8a7bda4";
  | ^^^^^^^^^^^^^^^^^^^^^^^^^^^^^^^^^

warning: missing documentation for a struct
 --> crates/pvthfhe-bench/src/backends/poulpy.rs:6:1
  |
6 | pub struct PoulpyBackend;
  | ^^^^^^^^^^^^^^^^^^^^^^^^

warning: missing documentation for an associated function
 --> crates/pvthfhe-bench/src/backends/poulpy.rs:9:5
  |
9 |     pub fn probe() -> BackendProbe {
  |     ^^^^^^^^^^^^^^^^^^^^^^^^^^^^^^

warning: missing documentation for a struct
 --> crates/pvthfhe-bench/src/folding.rs:7:1
  |
7 | pub struct R1csInstance {
  | ^^^^^^^^^^^^^^^^^^^^^^^

warning: missing documentation for a struct field
 --> crates/pvthfhe-bench/src/folding.rs:8:5
  |
8 |     pub witness: Vec<u64>,
  |     ^^^^^^^^^^^^^^^^^^^^^

warning: missing documentation for a struct field
 --> crates/pvthfhe-bench/src/folding.rs:9:5
  |
9 |     pub a_evals: Vec<u64>,
  |     ^^^^^^^^^^^^^^^^^^^^^

warning: missing documentation for a struct field
  --> crates/pvthfhe-bench/src/folding.rs:10:5
   |
10 |     pub b_evals: Vec<u64>,
   |     ^^^^^^^^^^^^^^^^^^^^^

warning: missing documentation for a struct field
  --> crates/pvthfhe-bench/src/folding.rs:11:5
   |
11 |     pub c_evals: Vec<u64>,
   |     ^^^^^^^^^^^^^^^^^^^^^

warning: missing documentation for a struct
  --> crates/pvthfhe-bench/src/folding.rs:15:1
   |
15 | pub struct FoldAccumulator {
   | ^^^^^^^^^^^^^^^^^^^^^^^^^^

warning: missing documentation for a struct field
  --> crates/pvthfhe-bench/src/folding.rs:16:5
   |
16 |     pub fold_count: usize,
   |     ^^^^^^^^^^^^^^^^^^^^^

warning: missing documentation for a struct field
  --> crates/pvthfhe-bench/src/folding.rs:17:5
   |
17 |     pub weight_sum: u64,
   |     ^^^^^^^^^^^^^^^^^^^

warning: missing documentation for a struct field
  --> crates/pvthfhe-bench/src/folding.rs:18:5
   |
18 |     pub witness_sum: Vec<u64>,
   |     ^^^^^^^^^^^^^^^^^^^^^^^^^

warning: missing documentation for a struct field
  --> crates/pvthfhe-bench/src/folding.rs:19:5
   |
19 |     pub a_sum: Vec<u64>,
   |     ^^^^^^^^^^^^^^^^^^^

warning: missing documentation for a struct field
  --> crates/pvthfhe-bench/src/folding.rs:20:5
   |
20 |     pub b_sum: Vec<u64>,
   |     ^^^^^^^^^^^^^^^^^^^

warning: missing documentation for a struct field
  --> crates/pvthfhe-bench/src/folding.rs:21:5
   |
21 |     pub c_sum: Vec<u64>,
   |     ^^^^^^^^^^^^^^^^^^^

warning: missing documentation for a struct
  --> crates/pvthfhe-bench/src/folding.rs:25:1
   |
25 | pub struct FinalSnarkProof {
   | ^^^^^^^^^^^^^^^^^^^^^^^^^^

warning: missing documentation for a struct field
  --> crates/pvthfhe-bench/src/folding.rs:26:5
   |
26 |     pub bytes: Vec<u8>,
   |     ^^^^^^^^^^^^^^^^^^

warning: missing documentation for a struct
  --> crates/pvthfhe-bench/src/folding.rs:30:1
   |
30 | pub struct FoldRunSummary {
   | ^^^^^^^^^^^^^^^^^^^^^^^^^

warning: missing documentation for a struct field
  --> crates/pvthfhe-bench/src/folding.rs:31:5
   |
31 |     pub accumulator: FoldAccumulator,
   |     ^^^^^^^^^^^^^^^^^^^^^^^^^^^^^^^^

warning: missing documentation for a struct field
  --> crates/pvthfhe-bench/src/folding.rs:32:5
   |
32 |     pub total_fold_ms: f64,
   |     ^^^^^^^^^^^^^^^^^^^^^^

warning: missing documentation for a function
  --> crates/pvthfhe-bench/src/folding.rs:35:1
   |
35 | pub fn sample_r1cs_instance() -> R1csInstance {
   | ^^^^^^^^^^^^^^^^^^^^^^^^^^^^^^^^^^^^^^^^^^^^^

warning: missing documentation for a function
  --> crates/pvthfhe-bench/src/folding.rs:53:1
   |
53 | pub fn fold_instances(instance: &R1csInstance, copies: usize) -> FoldAccumulator {
   | ^^^^^^^^^^^^^^^^^^^^^^^^^^^^^^^^^^^^^^^^^^^^^^^^^^^^^^^^^^^^^^^^^^^^^^^^^^^^^^^^

warning: missing documentation for a function
  --> crates/pvthfhe-bench/src/folding.rs:57:1
   |
57 | pub fn run_folding_loop(instance: &R1csInstance, copies: usize) -> FoldRunSummary {
   | ^^^^^^^^^^^^^^^^^^^^^^^^^^^^^^^^^^^^^^^^^^^^^^^^^^^^^^^^^^^^^^^^^^^^^^^^^^^^^^^^^

warning: missing documentation for a function
  --> crates/pvthfhe-bench/src/folding.rs:79:1
   |
79 | pub fn accumulator_size_bytes(accumulator: &FoldAccumulator) -> usize {
   | ^^^^^^^^^^^^^^^^^^^^^^^^^^^^^^^^^^^^^^^^^^^^^^^^^^^^^^^^^^^^^^^^^^^^^

warning: missing documentation for a function
  --> crates/pvthfhe-bench/src/folding.rs:89:1
   |
89 | pub fn prove_final_snark(accumulator: &FoldAccumulator, instance: &R1csInstance) -> FinalSnarkProof {
   | ^^^^^^^^^^^^^^^^^^^^^^^^^^^^^^^^^^^^^^^^^^^^^^^^^^^^^^^^^^^^^^^^^^^^^^^^^^^^^^^^^^^^^^^^^^^^^^^^^^^

warning: missing documentation for a function
   --> crates/pvthfhe-bench/src/folding.rs:109:1
    |
109 | pub fn verify_final_snark(proof: &FinalSnarkProof, accumulator: &FoldAccumulator, instance: &R1csInstance) -> bool {
    | ^^^^^^^^^^^^^^^^^^^^^^^^^^^^^^^^^^^^^^^^^^^^^^^^^^^^^^^^^^^^^^^^^^^^^^^^^^^^^^^^^^^^^^^^^^^^^^^^^^^^^^^^^^^^^^^^^^

warning: missing documentation for a function
   --> crates/pvthfhe-bench/src/folding.rs:121:1
    |
121 | pub fn expected_final_snark_bytes(fold_count: usize) -> usize {
    | ^^^^^^^^^^^^^^^^^^^^^^^^^^^^^^^^^^^^^^^^^^^^^^^^^^^^^^^^^^^^^

warning: missing documentation for a function
   --> crates/pvthfhe-bench/src/folding.rs:130:1
    |
130 | pub fn verify_folded_instance(accumulator: &FoldAccumulator, instance: &R1csInstance) -> bool {
    | ^^^^^^^^^^^^^^^^^^^^^^^^^^^^^^^^^^^^^^^^^^^^^^^^^^^^^^^^^^^^^^^^^^^^^^^^^^^^^^^^^^^^^^^^^^^^^

warning: missing documentation for a constant
 --> crates/pvthfhe-bench/src/worked_example.rs:4:1
  |
4 | pub const N_PARTIES: usize = 4;
  | ^^^^^^^^^^^^^^^^^^^^^^^^^^

warning: missing documentation for a constant
 --> crates/pvthfhe-bench/src/worked_example.rs:5:1
  |
5 | pub const THRESHOLD: usize = 3;
  | ^^^^^^^^^^^^^^^^^^^^^^^^^^

warning: missing documentation for a constant
 --> crates/pvthfhe-bench/src/worked_example.rs:6:1
  |
6 | pub const N_RING: usize = 8;
  | ^^^^^^^^^^^^^^^^^^^^^^^

warning: missing documentation for a constant
 --> crates/pvthfhe-bench/src/worked_example.rs:7:1
  |
7 | pub const MODULUS_Q: i64 = 97;
  | ^^^^^^^^^^^^^^^^^^^^^^^^

warning: missing documentation for a constant
 --> crates/pvthfhe-bench/src/worked_example.rs:8:1
  |
8 | pub const T_PLAIN: i64 = 4;
  | ^^^^^^^^^^^^^^^^^^^^^^

warning: missing documentation for a constant
 --> crates/pvthfhe-bench/src/worked_example.rs:9:1
  |
9 | pub const DELTA: i64 = MODULUS_Q / T_PLAIN;
  | ^^^^^^^^^^^^^^^^^^^^

warning: missing documentation for a constant
  --> crates/pvthfhe-bench/src/worked_example.rs:10:1
   |
10 | pub const MESSAGE: [i64; N_RING] = [1, 0, 1, 0, 1, 0, 1, 0];
   | ^^^^^^^^^^^^^^^^^^^^^^^^^^^^^^^^

warning: missing documentation for a type alias
  --> crates/pvthfhe-bench/src/worked_example.rs:12:1
   |
12 | pub type Poly = Vec<i64>;
   | ^^^^^^^^^^^^^

warning: missing documentation for a struct
  --> crates/pvthfhe-bench/src/worked_example.rs:15:1
   |
15 | pub struct TranscriptDigest {
   | ^^^^^^^^^^^^^^^^^^^^^^^^^^^

warning: missing documentation for a struct field
  --> crates/pvthfhe-bench/src/worked_example.rs:16:5
   |
16 |     pub commitment: String,
   |     ^^^^^^^^^^^^^^^^^^^^^^

warning: missing documentation for a struct field
  --> crates/pvthfhe-bench/src/worked_example.rs:17:5
   |
17 |     pub challenge: String,
   |     ^^^^^^^^^^^^^^^^^^^^^

warning: missing documentation for a struct field
  --> crates/pvthfhe-bench/src/worked_example.rs:18:5
   |
18 |     pub response_norm: i64,
   |     ^^^^^^^^^^^^^^^^^^^^^^

warning: missing documentation for a struct
  --> crates/pvthfhe-bench/src/worked_example.rs:22:1
   |
22 | pub struct PartyRecord {
   | ^^^^^^^^^^^^^^^^^^^^^^

warning: missing documentation for a struct field
  --> crates/pvthfhe-bench/src/worked_example.rs:23:5
   |
23 |     pub party_id: usize,
   |     ^^^^^^^^^^^^^^^^^^^

warning: missing documentation for a struct field
  --> crates/pvthfhe-bench/src/worked_example.rs:24:5
   |
24 |     pub sk: Poly,
   |     ^^^^^^^^^^^^

warning: missing documentation for a struct field
  --> crates/pvthfhe-bench/src/worked_example.rs:25:5
   |
25 |     pub error: Poly,
   |     ^^^^^^^^^^^^^^^

warning: missing documentation for a struct field
  --> crates/pvthfhe-bench/src/worked_example.rs:26:5
   |
26 |     pub pk: Poly,
   |     ^^^^^^^^^^^^

warning: missing documentation for a struct field
  --> crates/pvthfhe-bench/src/worked_example.rs:27:5
   |
27 |     pub keygen_nizk: TranscriptDigest,
   |     ^^^^^^^^^^^^^^^^^^^^^^^^^^^^^^^^^

warning: missing documentation for a struct
  --> crates/pvthfhe-bench/src/worked_example.rs:31:1
   |
31 | pub struct PartialDecryptRecord {
   | ^^^^^^^^^^^^^^^^^^^^^^^^^^^^^^^

warning: missing documentation for a struct field
  --> crates/pvthfhe-bench/src/worked_example.rs:32:5
   |
32 |     pub party_id: usize,
   |     ^^^^^^^^^^^^^^^^^^^

warning: missing documentation for a struct field
  --> crates/pvthfhe-bench/src/worked_example.rs:33:5
   |
33 |     pub smudge: Poly,
   |     ^^^^^^^^^^^^^^^^

warning: missing documentation for a struct field
  --> crates/pvthfhe-bench/src/worked_example.rs:34:5
   |
34 |     pub value: Poly,
   |     ^^^^^^^^^^^^^^^

warning: missing documentation for a struct field
  --> crates/pvthfhe-bench/src/worked_example.rs:35:5
   |
35 |     pub proof: TranscriptDigest,
   |     ^^^^^^^^^^^^^^^^^^^^^^^^^^^

warning: missing documentation for a struct
  --> crates/pvthfhe-bench/src/worked_example.rs:39:1
   |
39 | pub struct RandomnessRecord {
   | ^^^^^^^^^^^^^^^^^^^^^^^^^^^

warning: missing documentation for a struct field
  --> crates/pvthfhe-bench/src/worked_example.rs:40:5
   |
40 |     pub u: Poly,
   |     ^^^^^^^^^^^

warning: missing documentation for a struct field
  --> crates/pvthfhe-bench/src/worked_example.rs:41:5
   |
41 |     pub e1: Poly,
   |     ^^^^^^^^^^^^

warning: missing documentation for a struct field
  --> crates/pvthfhe-bench/src/worked_example.rs:42:5
   |
42 |     pub e2: Poly,
   |     ^^^^^^^^^^^^

warning: missing documentation for a struct
  --> crates/pvthfhe-bench/src/worked_example.rs:46:1
   |
46 | pub struct CiphertextRecord {
   | ^^^^^^^^^^^^^^^^^^^^^^^^^^^

warning: missing documentation for a struct field
  --> crates/pvthfhe-bench/src/worked_example.rs:47:5
   |
47 |     pub c0: Poly,
   |     ^^^^^^^^^^^^

warning: missing documentation for a struct field
  --> crates/pvthfhe-bench/src/worked_example.rs:48:5
   |
48 |     pub c1: Poly,
   |     ^^^^^^^^^^^^

warning: missing documentation for a struct
  --> crates/pvthfhe-bench/src/worked_example.rs:52:1
   |
52 | pub struct PolynomialSketch {
   | ^^^^^^^^^^^^^^^^^^^^^^^^^^^

warning: missing documentation for a struct field
  --> crates/pvthfhe-bench/src/worked_example.rs:53:5
   |
53 |     pub coefficient_index: usize,
   |     ^^^^^^^^^^^^^^^^^^^^^^^^^^^^

warning: missing documentation for a struct field
  --> crates/pvthfhe-bench/src/worked_example.rs:54:5
   |
54 |     pub values_at_x: [i64; THRESHOLD],
   |     ^^^^^^^^^^^^^^^^^^^^^^^^^^^^^^^^^

warning: missing documentation for a struct field
  --> crates/pvthfhe-bench/src/worked_example.rs:55:5
   |
55 |     pub polynomial_mod_q: String,
   |     ^^^^^^^^^^^^^^^^^^^^^^^^^^^^

warning: missing documentation for a struct field
  --> crates/pvthfhe-bench/src/worked_example.rs:56:5
   |
56 |     pub evaluation_at_x4: i64,
   |     ^^^^^^^^^^^^^^^^^^^^^^^^^

warning: missing documentation for a struct
  --> crates/pvthfhe-bench/src/worked_example.rs:60:1
   |
60 | pub struct WorkedExample {
   | ^^^^^^^^^^^^^^^^^^^^^^^^

warning: missing documentation for a struct field
  --> crates/pvthfhe-bench/src/worked_example.rs:61:5
   |
61 |     pub seed: u64,
   |     ^^^^^^^^^^^^^

warning: missing documentation for a struct field
  --> crates/pvthfhe-bench/src/worked_example.rs:62:5
   |
62 |     pub a: Poly,
   |     ^^^^^^^^^^^

warning: missing documentation for a struct field
  --> crates/pvthfhe-bench/src/worked_example.rs:63:5
   |
63 |     pub parties: Vec<PartyRecord>,
   |     ^^^^^^^^^^^^^^^^^^^^^^^^^^^^^

warning: missing documentation for a struct field
  --> crates/pvthfhe-bench/src/worked_example.rs:64:5
   |
64 |     pub participant_set: Vec<usize>,
   |     ^^^^^^^^^^^^^^^^^^^^^^^^^^^^^^^

warning: missing documentation for a struct field
  --> crates/pvthfhe-bench/src/worked_example.rs:65:5
   |
65 |     pub aggregate_pk: Poly,
   |     ^^^^^^^^^^^^^^^^^^^^^^

warning: missing documentation for a struct field
  --> crates/pvthfhe-bench/src/worked_example.rs:66:5
   |
66 |     pub message: Poly,
   |     ^^^^^^^^^^^^^^^^^

warning: missing documentation for a struct field
  --> crates/pvthfhe-bench/src/worked_example.rs:67:5
   |
67 |     pub randomness: RandomnessRecord,
   |     ^^^^^^^^^^^^^^^^^^^^^^^^^^^^^^^^

warning: missing documentation for a struct field
  --> crates/pvthfhe-bench/src/worked_example.rs:68:5
   |
68 |     pub ciphertext: CiphertextRecord,
   |     ^^^^^^^^^^^^^^^^^^^^^^^^^^^^^^^^

warning: missing documentation for a struct field
  --> crates/pvthfhe-bench/src/worked_example.rs:69:5
   |
69 |     pub partials: Vec<PartialDecryptRecord>,
   |     ^^^^^^^^^^^^^^^^^^^^^^^^^^^^^^^^^^^^^^^

warning: missing documentation for a struct field
  --> crates/pvthfhe-bench/src/worked_example.rs:70:5
   |
70 |     pub aggregate_partial: Poly,
   |     ^^^^^^^^^^^^^^^^^^^^^^^^^^^

warning: missing documentation for a struct field
  --> crates/pvthfhe-bench/src/worked_example.rs:71:5
   |
71 |     pub m_recovered: Poly,
   |     ^^^^^^^^^^^^^^^^^^^^^

warning: missing documentation for a struct field
  --> crates/pvthfhe-bench/src/worked_example.rs:72:5
   |
72 |     pub polynomial_sketches: Vec<PolynomialSketch>,
   |     ^^^^^^^^^^^^^^^^^^^^^^^^^^^^^^^^^^^^^^^^^^^^^^

warning: missing documentation for a struct field
  --> crates/pvthfhe-bench/src/worked_example.rs:73:5
   |
73 |     pub aggregate_proof: TranscriptDigest,
   |     ^^^^^^^^^^^^^^^^^^^^^^^^^^^^^^^^^^^^^

warning: missing documentation for a function
  --> crates/pvthfhe-bench/src/worked_example.rs:76:1
   |
76 | pub fn generate(seed: u64) -> WorkedExample {
   | ^^^^^^^^^^^^^^^^^^^^^^^^^^^^^^^^^^^^^^^^^^^

warning: missing documentation for a function
   --> crates/pvthfhe-bench/src/worked_example.rs:167:1
    |
167 | pub fn render_report(example: &WorkedExample) -> String {
    | ^^^^^^^^^^^^^^^^^^^^^^^^^^^^^^^^^^^^^^^^^^^^^^^^^^^^^^^

warning: `pvthfhe-bench` (lib) generated 125 warnings
warning: missing documentation for the crate
  --> crates/pvthfhe-bench/src/bin/gen_goldens.rs:1:1
   |
 1 | / #![allow(clippy::unwrap_used)]
 2 | |
 3 | | use clap::Parser;
 4 | | use pvthfhe_aggregator::folding::{FoldingAccumulator, PartyProof};
...  |
67 | |     h.finalize().into()
68 | | }
   | |_^
   |
   = note: requested on the command line with `-W missing-docs`

warning: `pvthfhe-bench` (bin "gen_goldens") generated 1 warning
    Finished `release` profile [optimized] target(s) in 0.04s
     Running `target/release/gen_goldens --out /tmp/goldens-replay`
wrote /tmp/goldens-replay/honest.proof
wrote /tmp/goldens-replay/honest.public_inputs.json
wrote /tmp/goldens-replay/tampered.proof
proof_hash: 0x6f3b8f00ce99154d321c8bfa573410a69e0f6eab2d90f1deb692717bd751e744
done
reproducible: PASS
