warning: unused import: `KeygenState`
 --> crates/pvthfhe-aggregator/src/keygen/simulator.rs:1:20
  |
1 | use super::types::{KeygenState, PartyId, DkgTranscript, Round1Message, Round2Message, Round3Aggregate};
  |                    ^^^^^^^^^^^
  |
  = note: `#[warn(unused_imports)]` (part of `#[warn(unused)]`) on by default

warning: field `threshold` is never read
  --> crates/pvthfhe-aggregator/src/keygen/simulator.rs:22:5
   |
20 | pub struct KeygenSimulator {
   |            --------------- field in this struct
21 |     n_parties: usize,
22 |     threshold: usize,
   |     ^^^^^^^^^
   |
   = note: `#[warn(dead_code)]` (part of `#[warn(unused)]`) on by default

warning: missing documentation for the crate
 --> crates/pvthfhe-aggregator/src/lib.rs:1:1
  |
1 | / pub mod keygen;
2 | | pub mod decrypt;
3 | | pub mod folding;
  | |________________^
  |
  = note: requested on the command line with `-W missing-docs`

warning: missing documentation for a module
 --> crates/pvthfhe-aggregator/src/lib.rs:1:1
  |
1 | pub mod keygen;
  | ^^^^^^^^^^^^^^

warning: missing documentation for a module
 --> crates/pvthfhe-aggregator/src/lib.rs:2:1
  |
2 | pub mod decrypt;
  | ^^^^^^^^^^^^^^^

warning: missing documentation for a module
 --> crates/pvthfhe-aggregator/src/keygen/mod.rs:1:1
  |
1 | pub mod simulator;
  | ^^^^^^^^^^^^^^^^^

warning: missing documentation for a module
 --> crates/pvthfhe-aggregator/src/keygen/mod.rs:2:1
  |
2 | pub mod types;
  | ^^^^^^^^^^^^^

warning: missing documentation for a module
 --> crates/pvthfhe-aggregator/src/keygen/mod.rs:3:1
  |
3 | pub mod protocol;
  | ^^^^^^^^^^^^^^^^

warning: missing documentation for an enum
 --> crates/pvthfhe-aggregator/src/keygen/simulator.rs:8:1
  |
8 | pub enum FaultType {
  | ^^^^^^^^^^^^^^^^^^

warning: missing documentation for a variant
 --> crates/pvthfhe-aggregator/src/keygen/simulator.rs:9:5
  |
9 |     MalformedProof,
  |     ^^^^^^^^^^^^^^

warning: missing documentation for a variant
  --> crates/pvthfhe-aggregator/src/keygen/simulator.rs:10:5
   |
10 |     WithholdShare,
   |     ^^^^^^^^^^^^^

warning: missing documentation for a variant
  --> crates/pvthfhe-aggregator/src/keygen/simulator.rs:11:5
   |
11 |     Equivocate,
   |     ^^^^^^^^^^

warning: missing documentation for an enum
  --> crates/pvthfhe-aggregator/src/keygen/simulator.rs:15:1
   |
15 | pub enum KeygenResult {
   | ^^^^^^^^^^^^^^^^^^^^^

warning: missing documentation for a variant
  --> crates/pvthfhe-aggregator/src/keygen/simulator.rs:16:5
   |
16 |     Complete(DkgTranscript),
   |     ^^^^^^^^

warning: missing documentation for a variant
  --> crates/pvthfhe-aggregator/src/keygen/simulator.rs:17:5
   |
17 |     Blamed(Vec<PartyId>),
   |     ^^^^^^

warning: missing documentation for a struct
  --> crates/pvthfhe-aggregator/src/keygen/simulator.rs:20:1
   |
20 | pub struct KeygenSimulator {
   | ^^^^^^^^^^^^^^^^^^^^^^^^^^

warning: missing documentation for an associated function
  --> crates/pvthfhe-aggregator/src/keygen/simulator.rs:36:5
   |
36 |     pub fn new(n_parties: usize, threshold: usize, backend: MockBackend) -> Self {
   |     ^^^^^^^^^^^^^^^^^^^^^^^^^^^^^^^^^^^^^^^^^^^^^^^^^^^^^^^^^^^^^^^^^^^^^^^^^^^^

warning: missing documentation for a method
  --> crates/pvthfhe-aggregator/src/keygen/simulator.rs:45:5
   |
45 |     pub fn inject_fault(&mut self, party_id: PartyId, fault: FaultType) {
   |     ^^^^^^^^^^^^^^^^^^^^^^^^^^^^^^^^^^^^^^^^^^^^^^^^^^^^^^^^^^^^^^^^^^^

warning: missing documentation for a method
  --> crates/pvthfhe-aggregator/src/keygen/simulator.rs:49:5
   |
49 |     pub fn run(&mut self) -> Result<KeygenResult, pvthfhe_fhe::FheError> {
   |     ^^^^^^^^^^^^^^^^^^^^^^^^^^^^^^^^^^^^^^^^^^^^^^^^^^^^^^^^^^^^^^^^^^^^

warning: missing documentation for a type alias
 --> crates/pvthfhe-aggregator/src/keygen/types.rs:3:1
  |
3 | pub type PartyId = u32;
  | ^^^^^^^^^^^^^^^^

warning: missing documentation for a struct
 --> crates/pvthfhe-aggregator/src/keygen/types.rs:6:1
  |
6 | pub struct Round1Message {
  | ^^^^^^^^^^^^^^^^^^^^^^^^

warning: missing documentation for a struct field
 --> crates/pvthfhe-aggregator/src/keygen/types.rs:7:5
  |
7 |     pub party_id: PartyId,
  |     ^^^^^^^^^^^^^^^^^^^^^

warning: missing documentation for a struct field
 --> crates/pvthfhe-aggregator/src/keygen/types.rs:8:5
  |
8 |     pub pk_i: PublicKey,
  |     ^^^^^^^^^^^^^^^^^^^

warning: missing documentation for a struct field
 --> crates/pvthfhe-aggregator/src/keygen/types.rs:9:5
  |
9 |     pub pk_i_hash: [u8; 32],
  |     ^^^^^^^^^^^^^^^^^^^^^^^

warning: missing documentation for a struct field
  --> crates/pvthfhe-aggregator/src/keygen/types.rs:10:5
   |
10 |     pub commitment: [u8; 32],
   |     ^^^^^^^^^^^^^^^^^^^^^^^^

warning: missing documentation for a struct field
  --> crates/pvthfhe-aggregator/src/keygen/types.rs:11:5
   |
11 |     pub poly_commit: [u8; 32],
   |     ^^^^^^^^^^^^^^^^^^^^^^^^^

warning: missing documentation for a struct field
  --> crates/pvthfhe-aggregator/src/keygen/types.rs:12:5
   |
12 |     pub encrypted_shares: std::collections::HashMap<PartyId, Vec<u8>>,
   |     ^^^^^^^^^^^^^^^^^^^^^^^^^^^^^^^^^^^^^^^^^^^^^^^^^^^^^^^^^^^^^^^^^

warning: missing documentation for a struct field
  --> crates/pvthfhe-aggregator/src/keygen/types.rs:13:5
   |
13 |     pub nizk: Vec<u8>,
   |     ^^^^^^^^^^^^^^^^^

warning: missing documentation for a struct
  --> crates/pvthfhe-aggregator/src/keygen/types.rs:17:1
   |
17 | pub struct Round2Message {
   | ^^^^^^^^^^^^^^^^^^^^^^^^

warning: missing documentation for a struct field
  --> crates/pvthfhe-aggregator/src/keygen/types.rs:18:5
   |
18 |     pub party_id: PartyId,
   |     ^^^^^^^^^^^^^^^^^^^^^

warning: missing documentation for a struct field
  --> crates/pvthfhe-aggregator/src/keygen/types.rs:19:5
   |
19 |     pub complaints: Vec<PartyId>, // Simplified for simulator
   |     ^^^^^^^^^^^^^^^^^^^^^^^^^^^^

warning: missing documentation for a struct
  --> crates/pvthfhe-aggregator/src/keygen/types.rs:23:1
   |
23 | pub struct Round3Aggregate {
   | ^^^^^^^^^^^^^^^^^^^^^^^^^^

warning: missing documentation for a struct field
  --> crates/pvthfhe-aggregator/src/keygen/types.rs:24:5
   |
24 |     pub aggregate_pk: PublicKey,
   |     ^^^^^^^^^^^^^^^^^^^^^^^^^^^

warning: missing documentation for a struct field
  --> crates/pvthfhe-aggregator/src/keygen/types.rs:25:5
   |
25 |     pub participant_set_hash: [u8; 32],
   |     ^^^^^^^^^^^^^^^^^^^^^^^^^^^^^^^^^^

warning: missing documentation for a struct
  --> crates/pvthfhe-aggregator/src/keygen/types.rs:29:1
   |
29 | pub struct DkgTranscript {
   | ^^^^^^^^^^^^^^^^^^^^^^^^

warning: missing documentation for a struct field
  --> crates/pvthfhe-aggregator/src/keygen/types.rs:30:5
   |
30 |     pub version: u8,
   |     ^^^^^^^^^^^^^^^

warning: missing documentation for a struct field
  --> crates/pvthfhe-aggregator/src/keygen/types.rs:31:5
   |
31 |     pub participant_set: Vec<PartyId>,
   |     ^^^^^^^^^^^^^^^^^^^^^^^^^^^^^^^^^

warning: missing documentation for a struct field
  --> crates/pvthfhe-aggregator/src/keygen/types.rs:32:5
   |
32 |     pub round1_messages: Vec<Round1Message>,
   |     ^^^^^^^^^^^^^^^^^^^^^^^^^^^^^^^^^^^^^^^

warning: missing documentation for a struct field
  --> crates/pvthfhe-aggregator/src/keygen/types.rs:33:5
   |
33 |     pub round2_messages: Vec<Round2Message>,
   |     ^^^^^^^^^^^^^^^^^^^^^^^^^^^^^^^^^^^^^^^

warning: missing documentation for a struct field
  --> crates/pvthfhe-aggregator/src/keygen/types.rs:34:5
   |
34 |     pub round3_aggregate: Round3Aggregate,
   |     ^^^^^^^^^^^^^^^^^^^^^^^^^^^^^^^^^^^^^

warning: missing documentation for a struct field
  --> crates/pvthfhe-aggregator/src/keygen/types.rs:35:5
   |
35 |     pub dkg_root: [u8; 32],
   |     ^^^^^^^^^^^^^^^^^^^^^^

warning: missing documentation for a struct field
  --> crates/pvthfhe-aggregator/src/keygen/types.rs:36:5
   |
36 |     pub transcript_hash: [u8; 32],
   |     ^^^^^^^^^^^^^^^^^^^^^^^^^^^^^

warning: missing documentation for an enum
  --> crates/pvthfhe-aggregator/src/keygen/types.rs:39:1
   |
39 | pub enum KeygenState {
   | ^^^^^^^^^^^^^^^^^^^^

warning: missing documentation for a variant
  --> crates/pvthfhe-aggregator/src/keygen/types.rs:40:5
   |
40 |     Round1,
   |     ^^^^^^

warning: missing documentation for a variant
  --> crates/pvthfhe-aggregator/src/keygen/types.rs:41:5
   |
41 |     Round2 { round1_msgs: Vec<Round1Message> },
   |     ^^^^^^

warning: missing documentation for a struct field
  --> crates/pvthfhe-aggregator/src/keygen/types.rs:41:14
   |
41 |     Round2 { round1_msgs: Vec<Round1Message> },
   |              ^^^^^^^^^^^^^^^^^^^^^^^^^^^^^^^

warning: missing documentation for a variant
  --> crates/pvthfhe-aggregator/src/keygen/types.rs:42:5
   |
42 |     Round3 { round1_msgs: Vec<Round1Message>, round2_msgs: Vec<Round2Message> },
   |     ^^^^^^

warning: missing documentation for a struct field
  --> crates/pvthfhe-aggregator/src/keygen/types.rs:42:14
   |
42 |     Round3 { round1_msgs: Vec<Round1Message>, round2_msgs: Vec<Round2Message> },
   |              ^^^^^^^^^^^^^^^^^^^^^^^^^^^^^^^

warning: missing documentation for a struct field
  --> crates/pvthfhe-aggregator/src/keygen/types.rs:42:47
   |
42 |     Round3 { round1_msgs: Vec<Round1Message>, round2_msgs: Vec<Round2Message> },
   |                                               ^^^^^^^^^^^^^^^^^^^^^^^^^^^^^^^

warning: missing documentation for a variant
  --> crates/pvthfhe-aggregator/src/keygen/types.rs:43:5
   |
43 |     Complete { transcript: DkgTranscript },
   |     ^^^^^^^^

warning: missing documentation for a struct field
  --> crates/pvthfhe-aggregator/src/keygen/types.rs:43:16
   |
43 |     Complete { transcript: DkgTranscript },
   |                ^^^^^^^^^^^^^^^^^^^^^^^^^

warning: missing documentation for a variant
  --> crates/pvthfhe-aggregator/src/keygen/types.rs:44:5
   |
44 |     Failed { blame: Vec<PartyId> },
   |     ^^^^^^

warning: missing documentation for a struct field
  --> crates/pvthfhe-aggregator/src/keygen/types.rs:44:14
   |
44 |     Failed { blame: Vec<PartyId> },
   |              ^^^^^^^^^^^^^^^^^^^

warning: missing documentation for an enum
 --> crates/pvthfhe-aggregator/src/decrypt/mod.rs:7:1
  |
7 | pub enum DecryptError {
  | ^^^^^^^^^^^^^^^^^^^^^

warning: missing documentation for a variant
 --> crates/pvthfhe-aggregator/src/decrypt/mod.rs:9:5
  |
9 |     InvalidShare { party_id: u32 },
  |     ^^^^^^^^^^^^

warning: missing documentation for a struct field
 --> crates/pvthfhe-aggregator/src/decrypt/mod.rs:9:20
  |
9 |     InvalidShare { party_id: u32 },
  |                    ^^^^^^^^^^^^^

warning: missing documentation for a variant
  --> crates/pvthfhe-aggregator/src/decrypt/mod.rs:11:5
   |
11 |     InsufficientShares { needed: usize, got: usize },
   |     ^^^^^^^^^^^^^^^^^^

warning: missing documentation for a struct field
  --> crates/pvthfhe-aggregator/src/decrypt/mod.rs:11:26
   |
11 |     InsufficientShares { needed: usize, got: usize },
   |                          ^^^^^^^^^^^^^

warning: missing documentation for a struct field
  --> crates/pvthfhe-aggregator/src/decrypt/mod.rs:11:41
   |
11 |     InsufficientShares { needed: usize, got: usize },
   |                                         ^^^^^^^^^^

warning: missing documentation for a variant
  --> crates/pvthfhe-aggregator/src/decrypt/mod.rs:13:5
   |
13 |     DuplicateParty(u32),
   |     ^^^^^^^^^^^^^^

warning: missing documentation for a variant
  --> crates/pvthfhe-aggregator/src/decrypt/mod.rs:15:5
   |
15 |     UnknownParty(u32),
   |     ^^^^^^^^^^^^

warning: missing documentation for a variant
  --> crates/pvthfhe-aggregator/src/decrypt/mod.rs:17:5
   |
17 |     Backend(#[from] FheError),
   |     ^^^^^^^

warning: missing documentation for a struct
  --> crates/pvthfhe-aggregator/src/decrypt/mod.rs:21:1
   |
21 | pub struct DecryptSharePayload {
   | ^^^^^^^^^^^^^^^^^^^^^^^^^^^^^^

warning: missing documentation for a struct field
  --> crates/pvthfhe-aggregator/src/decrypt/mod.rs:22:5
   |
22 |     pub party_id: u32,
   |     ^^^^^^^^^^^^^^^^^

warning: missing documentation for a struct field
  --> crates/pvthfhe-aggregator/src/decrypt/mod.rs:23:5
   |
23 |     pub pk_i_hash: [u8; 32],
   |     ^^^^^^^^^^^^^^^^^^^^^^^

warning: missing documentation for a struct field
  --> crates/pvthfhe-aggregator/src/decrypt/mod.rs:24:5
   |
24 |     pub dkg_root: [u8; 32],
   |     ^^^^^^^^^^^^^^^^^^^^^^

warning: missing documentation for a struct field
  --> crates/pvthfhe-aggregator/src/decrypt/mod.rs:25:5
   |
25 |     pub ciphertext_hash: [u8; 32],
   |     ^^^^^^^^^^^^^^^^^^^^^^^^^^^^^

warning: missing documentation for a struct field
  --> crates/pvthfhe-aggregator/src/decrypt/mod.rs:26:5
   |
26 |     pub epoch: u64,
   |     ^^^^^^^^^^^^^^

warning: missing documentation for a struct field
  --> crates/pvthfhe-aggregator/src/decrypt/mod.rs:27:5
   |
27 |     pub share: DecryptShare,
   |     ^^^^^^^^^^^^^^^^^^^^^^^

warning: missing documentation for a struct field
  --> crates/pvthfhe-aggregator/src/decrypt/mod.rs:28:5
   |
28 |     pub nizk: Vec<u8>,
   |     ^^^^^^^^^^^^^^^^^

warning: missing documentation for a struct field
  --> crates/pvthfhe-aggregator/src/decrypt/mod.rs:29:5
   |
29 |     pub version: u8,
   |     ^^^^^^^^^^^^^^^

warning: missing documentation for a function
  --> crates/pvthfhe-aggregator/src/decrypt/mod.rs:32:1
   |
32 | / pub fn partial_decrypt(
33 | |     backend: &impl FheBackend,
34 | |     ct: &Ciphertext,
35 | |     party_id: u32,
...  |
39 | |     rng: &mut dyn RngCore,
40 | | ) -> Result<DecryptSharePayload, DecryptError> {
   | |______________________________________________^

warning: missing documentation for a function
  --> crates/pvthfhe-aggregator/src/decrypt/mod.rs:55:1
   |
55 | / pub fn aggregate_decrypt(
56 | |     backend: &impl FheBackend,
57 | |     ct: &Ciphertext,
58 | |     shares: &[DecryptSharePayload],
...  |
63 | |     _epoch: u64,
64 | | ) -> Result<Vec<u8>, DecryptError> {
   | |__________________________________^

warning: missing documentation for an enum
  --> crates/pvthfhe-aggregator/src/folding/mod.rs:11:1
   |
11 | pub enum FoldingError {
   | ^^^^^^^^^^^^^^^^^^^^^

warning: missing documentation for a variant
  --> crates/pvthfhe-aggregator/src/folding/mod.rs:13:5
   |
13 |     InvalidLeaf(u32),
   |     ^^^^^^^^^^^

warning: missing documentation for a struct
  --> crates/pvthfhe-aggregator/src/folding/mod.rs:17:1
   |
17 | pub struct PartyProof {
   | ^^^^^^^^^^^^^^^^^^^^^

warning: missing documentation for a struct field
  --> crates/pvthfhe-aggregator/src/folding/mod.rs:18:5
   |
18 |     pub party_id: u32,
   |     ^^^^^^^^^^^^^^^^^

warning: missing documentation for a struct field
  --> crates/pvthfhe-aggregator/src/folding/mod.rs:19:5
   |
19 |     pub share_hash: [u8; 32],
   |     ^^^^^^^^^^^^^^^^^^^^^^^^

warning: missing documentation for a struct field
  --> crates/pvthfhe-aggregator/src/folding/mod.rs:20:5
   |
20 |     pub nizk_bytes: Vec<u8>,
   |     ^^^^^^^^^^^^^^^^^^^^^^^

warning: missing documentation for a struct
  --> crates/pvthfhe-aggregator/src/folding/mod.rs:24:1
   |
24 | pub struct FinalSnark {
   | ^^^^^^^^^^^^^^^^^^^^^

warning: missing documentation for a struct field
  --> crates/pvthfhe-aggregator/src/folding/mod.rs:25:5
   |
25 |     pub proof_bytes: Vec<u8>,
   |     ^^^^^^^^^^^^^^^^^^^^^^^^

warning: missing documentation for a struct field
  --> crates/pvthfhe-aggregator/src/folding/mod.rs:26:5
   |
26 |     pub public_inputs: Vec<[u8; 32]>,
   |     ^^^^^^^^^^^^^^^^^^^^^^^^^^^^^^^^

warning: missing documentation for a struct field
  --> crates/pvthfhe-aggregator/src/folding/mod.rs:27:5
   |
27 |     pub prover_time_ms: u64,
   |     ^^^^^^^^^^^^^^^^^^^^^^^

warning: missing documentation for a struct field
  --> crates/pvthfhe-aggregator/src/folding/mod.rs:28:5
   |
28 |     pub proof_size_bytes: usize,
   |     ^^^^^^^^^^^^^^^^^^^^^^^^^^^

warning: missing documentation for a struct
  --> crates/pvthfhe-aggregator/src/folding/mod.rs:31:1
   |
31 | pub struct FoldingAccumulator {
   | ^^^^^^^^^^^^^^^^^^^^^^^^^^^^^

warning: missing documentation for an associated function
  --> crates/pvthfhe-aggregator/src/folding/mod.rs:42:5
   |
42 |     pub fn new() -> Self {
   |     ^^^^^^^^^^^^^^^^^^^^

warning: missing documentation for a method
  --> crates/pvthfhe-aggregator/src/folding/mod.rs:46:5
   |
46 |     pub fn add_proof(&mut self, proof: PartyProof) -> Result<(), FoldingError> {
   |     ^^^^^^^^^^^^^^^^^^^^^^^^^^^^^^^^^^^^^^^^^^^^^^^^^^^^^^^^^^^^^^^^^^^^^^^^^^

warning: missing documentation for a method
  --> crates/pvthfhe-aggregator/src/folding/mod.rs:51:5
   |
51 |     pub fn finalize(&self) -> Result<FinalSnark, FoldingError> {
   |     ^^^^^^^^^^^^^^^^^^^^^^^^^^^^^^^^^^^^^^^^^^^^^^^^^^^^^^^^^^

warning: `pvthfhe-aggregator` (lib) generated 88 warnings (run `cargo fix --lib -p pvthfhe-aggregator` to apply 1 suggestion)
   Compiling pvthfhe-aggregator v0.1.0 (/home/dev/pvthfhe/crates/pvthfhe-aggregator)
warning: missing documentation for the crate
  --> crates/pvthfhe-aggregator/tests/folding_tamper.rs:1:1
   |
 1 | / #![allow(clippy::unwrap_used)]
 2 | |
 3 | | use pvthfhe_aggregator::folding::{PartyProof, FoldingAccumulator, FoldingError};
...  |
24 | | }
   | |_^
   |
   = note: requested on the command line with `-W missing-docs`

warning: `pvthfhe-aggregator` (test "folding_tamper") generated 1 warning
    Finished `test` profile [unoptimized + debuginfo] target(s) in 0.11s
     Running tests/folding_tamper.rs (target/debug/deps/folding_tamper-d24319d70b2298f6)

running 1 test
test test_folding_tamper ... ok

test result: ok. 1 passed; 0 failed; 0 ignored; 0 measured; 0 filtered out; finished in 0.00s

