   Compiling proc-macro2 v1.0.106
   Compiling quote v1.0.45
   Compiling unicode-ident v1.0.24
    Checking cfg-if v1.0.4
   Compiling libc v0.2.186
   Compiling zerocopy v0.8.48
   Compiling serde_core v1.0.228
   Compiling version_check v0.9.5
   Compiling generic-array v0.14.7
   Compiling syn v2.0.117
   Compiling serde v1.0.228
    Checking typenum v1.20.0
    Checking getrandom v0.2.17
    Checking rand_core v0.6.4
    Checking cpufeatures v0.2.17
   Compiling thiserror v1.0.69
   Compiling autocfg v1.5.0
   Compiling zmij v1.0.21
   Compiling serde_json v1.0.149
   Compiling libm v0.2.16
    Checking crypto-common v0.1.7
    Checking block-buffer v0.10.4
   Compiling num-traits v0.2.19
    Checking digest v0.10.7
    Checking memchr v2.8.0
    Checking sha2 v0.10.9
    Checking itoa v1.0.18
    Checking hex v0.4.3
   Compiling anyhow v1.0.102
    Checking once_cell v1.21.4
    Checking pin-project-lite v0.2.17
   Compiling rustix v1.1.4
    Checking rand_core v0.10.1
   Compiling getrandom v0.4.2
   Compiling heck v0.5.0
    Checking either v1.15.0
   Compiling itertools v0.12.1
    Checking spin v0.9.8
    Checking lazy_static v1.5.0
    Checking num-integer v0.1.46
   Compiling crossbeam-utils v0.8.21
   Compiling bytes v1.11.1
    Checking smallvec v1.15.1
   Compiling bitflags v2.11.1
   Compiling hashbrown v0.17.0
   Compiling regex-syntax v0.8.10
   Compiling linux-raw-sys v0.12.1
   Compiling zerocopy-derive v0.8.48
   Compiling serde_derive v1.0.228
   Compiling thiserror-impl v1.0.69
   Compiling tokio-macros v2.7.0
   Compiling prost-derive v0.12.6
    Checking tokio v1.52.1
   Compiling equivalent v1.0.2
    Checking utf8parse v0.2.2
   Compiling prettyplease v0.2.37
    Checking anstyle-parse v1.0.0
   Compiling indexmap v2.14.0
   Compiling prost v0.12.6
   Compiling regex-automata v0.4.14
    Checking colorchoice v1.0.5
   Compiling fixedbitset v0.4.2
    Checking anstyle v1.0.14
    Checking anstyle-query v1.1.5
    Checking is_terminal_polyfill v1.70.2
   Compiling fastrand v2.4.1
   Compiling regex v1.12.3
    Checking ppv-lite86 v0.2.21
   Compiling tempfile v3.27.0
    Checking rand_chacha v0.3.1
    Checking anstream v1.0.0
    Checking rand v0.8.6
    Checking pvthfhe-fhe v0.1.0 (/home/dev/pvthfhe/crates/pvthfhe-fhe)
   Compiling petgraph v0.6.5
    Checking crossbeam-epoch v0.9.18
    Checking pvthfhe-aggregator v0.1.0 (/home/dev/pvthfhe/crates/pvthfhe-aggregator)
   Compiling prost-types v0.12.6
    Checking pvthfhe-keygen v0.1.0 (/home/dev/pvthfhe/crates/pvthfhe-keygen)
    Checking clap_lex v1.1.0
    Checking strsim v0.11.1
   Compiling rayon-core v1.13.0
   Compiling log v0.4.29
   Compiling multimap v0.10.1
   Compiling rustversion v1.0.22
   Compiling prost-build v0.12.6
    Checking clap_builder v4.6.0
    Checking num-bigint v0.4.6
    Checking crossbeam-deque v0.8.6
   Compiling clap_derive v4.6.1
    Checking num-iter v0.1.45
    Checking num-complex v0.4.6
    Checking itertools v0.10.5
    Checking num-modular v0.6.1
    Checking cpufeatures v0.3.0
    Checking chacha20 v0.10.0
    Checking num-rational v0.4.2
   Compiling matrixmultiply v0.3.10
   Compiling paste v1.0.15
   Compiling num-bigint-dig v0.8.6
    Checking static_assertions v1.1.0
    Checking dashu-base v0.4.1
    Checking num v0.4.3
    Checking rayon v1.12.0
    Checking num-order v1.2.0
    Checking rand v0.10.1
    Checking dashu-int v0.4.1
    Checking clap v4.6.1
    Checking rawpointer v0.2.1
    Checking prime_factorization v1.0.5
    Checking rand_distr v0.6.0
   Compiling fhe-math v0.1.0-beta.7 (https://github.com/gnosisguild/fhe.rs?rev=5f24d0b62a7329b789db07a065b68accd614a47b#5f24d0b6)
    Checking rand_distr v0.4.3
    Checking rand_chacha v0.10.0
    Checking dashu-float v0.4.3
    Checking itertools v0.14.0
    Checking byteorder v1.5.0
   Compiling doc-comment v0.3.4
    Checking bytemuck v1.25.0
    Checking ndarray v0.15.6
    Checking poulpy-hal v0.5.0 (https://github.com/poulpy-fhe/poulpy?rev=4a1f0c642cef7e5830287c3d6af7e013d8a7bda4#4a1f0c64)
    Checking fhe-util v0.1.0-beta.7 (https://github.com/gnosisguild/fhe.rs?rev=5f24d0b62a7329b789db07a065b68accd614a47b#5f24d0b6)
   Compiling fhe v0.1.0-beta.7 (https://github.com/gnosisguild/fhe.rs?rev=5f24d0b62a7329b789db07a065b68accd614a47b#5f24d0b6)
    Checking fhe-traits v0.1.0-beta.7 (https://github.com/gnosisguild/fhe.rs?rev=5f24d0b62a7329b789db07a065b68accd614a47b#5f24d0b6)
    Checking zeroize v1.8.2
    Checking ethnum v1.5.3
    Checking bincode v1.3.3
   Compiling zeroize_derive v1.4.3
    Checking iana-time-zone v0.1.65
    Checking poulpy-core v0.5.0 (https://github.com/poulpy-fhe/poulpy?rev=4a1f0c642cef7e5830287c3d6af7e013d8a7bda4#4a1f0c64)
    Checking chrono v0.4.44
    Checking half v2.7.1
    Checking plotters-backend v0.3.7
   Compiling getrandom v0.3.4
    Checking ciborium-io v0.2.2
    Checking ciborium-ll v0.2.2
    Checking plotters-svg v0.3.7
    Checking cast v0.3.0
    Checking same-file v1.0.6
    Checking walkdir v2.5.0
    Checking criterion-plot v0.5.0
    Checking plotters v0.3.7
    Checking ciborium v0.2.2
    Checking poulpy-cpu-ref v0.5.0 (https://github.com/poulpy-fhe/poulpy?rev=4a1f0c642cef7e5830287c3d6af7e013d8a7bda4#4a1f0c64)
    Checking tinytemplate v1.2.1
    Checking is-terminal v0.4.17
    Checking oorandom v11.1.5
    Checking anes v0.1.6
    Checking rand_core v0.9.5
    Checking criterion v0.5.1
    Checking tracing-core v0.1.36
    Checking wait-timeout v0.2.1
    Checking bit-vec v0.8.0
    Checking quick-error v1.2.3
    Checking fnv v1.0.7
    Checking bit-set v0.8.0
    Checking pvthfhe-bench v0.1.0 (/home/dev/pvthfhe/crates/pvthfhe-bench)
    Checking rand v0.9.4
    Checking rand_chacha v0.9.0
    Checking rand_xorshift v0.4.0
   Compiling tracing-attributes v0.1.31
    Checking unarray v0.1.4
    Checking matchers v0.2.0
    Checking sharded-slab v0.1.7
    Checking tracing-log v0.2.0
    Checking thread_local v1.1.9
    Checking rusty-fork v0.3.1
    Checking nu-ansi-term v0.50.3
    Checking proptest v1.11.0
    Checking pvthfhe-core v0.1.0 (/home/dev/pvthfhe/crates/pvthfhe-core)
    Checking pvthfhe-enclave-adapter v0.1.0 (/home/dev/pvthfhe/crates/pvthfhe-enclave-adapter)
    Checking pvthfhe-keygen-spec v0.1.0 (/home/dev/pvthfhe/crates/pvthfhe-keygen-spec)
    Checking tracing v0.1.44
    Checking tracing-subscriber v0.3.23
    Checking pvthfhe-cli v0.1.0 (/home/dev/pvthfhe/crates/pvthfhe-cli)
    Checking pvthfhe-api v0.1.0 (/home/dev/pvthfhe/crates/pvthfhe-api)
    Checking pvthfhe-circuits v0.1.0 (/home/dev/pvthfhe/crates/pvthfhe-circuits)
    Finished `dev` profile [unoptimized + debuginfo] target(s) in 16.08s
