python3 .sisyphus/scripts/phase2-gate.py
/home/dev/pvthfhe/.sisyphus/scripts/phase2-gate.py:183: DeprecationWarning: datetime.datetime.utcnow() is deprecated and scheduled for removal in a future version. Use timezone-aware objects to represent datetimes in UTC: datetime.datetime.now(datetime.UTC).
  timestamp = datetime.datetime.utcnow().strftime("%Y-%m-%dT%H:%M:%SZ")
=== Phase 2 Gate ===

[artifacts] running...
[artifacts] PASS: All 13 T17-T27 artifacts present

[parameters_toml] running...
[parameters_toml] PASS: parameters.toml valid with required keys

[noise_budget_test] running...
[noise_budget_test] PASS: cargo test noise_budget passed

[theorem_mapping] running...
[theorem_mapping] PASS: Success: All theorems mapped correctly (4 theorems, 13 assumption references)

[boundary_coverage] running...
[boundary_coverage] PASS: Success: All 12 boundary entries present with valid primary assignments

[oracle_dispositions] running...
[oracle_dispositions] PASS: All findings ADDRESSED

[lit_refresh_no_blocking] running...
[lit_refresh_no_blocking] PASS: No BLOCKING+undecided lines in lit-refresh-2.md

[cargo_check] running...
[cargo_check] PASS: cargo check --workspace passed

Wrote .sisyphus/design/phase2-gate.json
Wrote .sisyphus/design/phase2-gate.md

PHASE 2 GATE: PASS
